<?xml version="1.0" encoding="UTF-8"?>
<coverage generated="1612484645052" clover="3.2.0">
  <project timestamp="1612484645053" name="All files">
    <metrics statements="172" coveredstatements="158" conditionals="47" coveredconditionals="45" methods="46" coveredmethods="44" elements="265" coveredelements="247" complexity="0" loc="172" ncloc="172" packages="1" files="15" classes="15"/>
    <file name="advice.js" path="C:\Users\peter\Desktop\Development\projects\butlerbot\src\commands\advice.js">
      <metrics statements="8" coveredstatements="8" conditionals="0" coveredconditionals="0" methods="4" coveredmethods="4"/>
      <line num="6" count="1" type="stmt"/>
      <line num="7" count="1" type="stmt"/>
      <line num="21" count="2" type="stmt"/>
      <line num="30" count="2" type="stmt"/>
      <line num="32" count="1" type="stmt"/>
      <line num="35" count="1" type="stmt"/>
      <line num="36" count="1" type="stmt"/>
      <line num="40" count="2" type="stmt"/>
    </file>
    <file name="apology.js" path="C:\Users\peter\Desktop\Development\projects\butlerbot\src\commands\apology.js">
      <metrics statements="6" coveredstatements="6" conditionals="0" coveredconditionals="0" methods="2" coveredmethods="2"/>
      <line num="6" count="1" type="stmt"/>
      <line num="29" count="1" type="stmt"/>
      <line num="42" count="1" type="stmt"/>
      <line num="43" count="1" type="stmt"/>
      <line num="49" count="1" type="stmt"/>
      <line num="50" count="1" type="stmt"/>
    </file>
    <file name="butlerbot.js" path="C:\Users\peter\Desktop\Development\projects\butlerbot\src\commands\butlerbot.js">
      <metrics statements="16" coveredstatements="2" conditionals="2" coveredconditionals="0" methods="2" coveredmethods="0"/>
      <line num="6" count="1" type="stmt"/>
      <line num="7" count="1" type="stmt"/>
      <line num="21" count="0" type="stmt"/>
      <line num="23" count="0" type="stmt"/>
      <line num="25" count="0" type="stmt"/>
      <line num="27" count="0" type="stmt"/>
      <line num="33" count="0" type="stmt"/>
      <line num="35" count="0" type="stmt"/>
      <line num="37" count="0" type="stmt"/>
      <line num="43" count="0" type="stmt"/>
      <line num="45" count="0" type="cond" truecount="0" falsecount="2"/>
      <line num="47" count="0" type="stmt"/>
      <line num="67" count="0" type="stmt"/>
      <line num="78" count="0" type="stmt"/>
      <line num="80" count="0" type="stmt"/>
      <line num="81" count="0" type="stmt"/>
    </file>
    <file name="cat.js" path="C:\Users\peter\Desktop\Development\projects\butlerbot\src\commands\cat.js">
      <metrics statements="8" coveredstatements="8" conditionals="0" coveredconditionals="0" methods="4" coveredmethods="4"/>
      <line num="6" count="1" type="stmt"/>
      <line num="7" count="1" type="stmt"/>
      <line num="21" count="2" type="stmt"/>
      <line num="30" count="2" type="stmt"/>
      <line num="32" count="1" type="stmt"/>
      <line num="35" count="1" type="stmt"/>
      <line num="36" count="1" type="stmt"/>
      <line num="40" count="2" type="stmt"/>
    </file>
    <file name="catfact.js" path="C:\Users\peter\Desktop\Development\projects\butlerbot\src\commands\catfact.js">
      <metrics statements="8" coveredstatements="8" conditionals="0" coveredconditionals="0" methods="4" coveredmethods="4"/>
      <line num="6" count="1" type="stmt"/>
      <line num="7" count="1" type="stmt"/>
      <line num="21" count="2" type="stmt"/>
      <line num="30" count="2" type="stmt"/>
      <line num="32" count="1" type="stmt"/>
      <line num="35" count="1" type="stmt"/>
      <line num="36" count="1" type="stmt"/>
      <line num="39" count="2" type="stmt"/>
    </file>
    <file name="documentation.js" path="C:\Users\peter\Desktop\Development\projects\butlerbot\src\commands\documentation.js">
      <metrics statements="2" coveredstatements="2" conditionals="0" coveredconditionals="0" methods="1" coveredmethods="1"/>
      <line num="6" count="1" type="stmt"/>
      <line num="17" count="1" type="stmt"/>
    </file>
    <file name="dog.js" path="C:\Users\peter\Desktop\Development\projects\butlerbot\src\commands\dog.js">
      <metrics statements="8" coveredstatements="8" conditionals="0" coveredconditionals="0" methods="4" coveredmethods="4"/>
      <line num="6" count="1" type="stmt"/>
      <line num="7" count="1" type="stmt"/>
      <line num="20" count="2" type="stmt"/>
      <line num="30" count="2" type="stmt"/>
      <line num="32" count="1" type="stmt"/>
      <line num="35" count="1" type="stmt"/>
      <line num="36" count="1" type="stmt"/>
      <line num="40" count="2" type="stmt"/>
    </file>
    <file name="help.js" path="C:\Users\peter\Desktop\Development\projects\butlerbot\src\commands\help.js">
      <metrics statements="22" coveredstatements="22" conditionals="13" coveredconditionals="13" methods="3" coveredmethods="3"/>
      <line num="6" count="1" type="stmt"/>
      <line num="7" count="1" type="stmt"/>
      <line num="21" count="4" type="stmt"/>
      <line num="26" count="4" type="stmt"/>
      <line num="29" count="4" type="cond" truecount="2" falsecount="0"/>
      <line num="30" count="1" type="stmt"/>
      <line num="31" count="15" type="stmt"/>
      <line num="32" count="1" type="stmt"/>
      <line num="33" count="1" type="stmt"/>
      <line num="36" count="3" type="stmt"/>
      <line num="38" count="15" type="cond" truecount="4" falsecount="0"/>
      <line num="40" count="3" type="cond" truecount="2" falsecount="0"/>
      <line num="41" count="1" type="stmt"/>
      <line num="44" count="2" type="stmt"/>
      <line num="47" count="2" type="cond" truecount="1" falsecount="0"/>
      <line num="48" count="2" type="stmt"/>
      <line num="51" count="2" type="cond" truecount="1" falsecount="0"/>
      <line num="52" count="2" type="stmt"/>
      <line num="55" count="2" type="cond" truecount="1" falsecount="0"/>
      <line num="56" count="2" type="stmt"/>
      <line num="58" count="2" type="cond" truecount="2" falsecount="0"/>
      <line num="60" count="2" type="stmt"/>
    </file>
    <file name="insult.js" path="C:\Users\peter\Desktop\Development\projects\butlerbot\src\commands\insult.js">
      <metrics statements="10" coveredstatements="10" conditionals="0" coveredconditionals="0" methods="4" coveredmethods="4"/>
      <line num="6" count="1" type="stmt"/>
      <line num="7" count="1" type="stmt"/>
      <line num="22" count="3" type="stmt"/>
      <line num="32" count="3" type="stmt"/>
      <line num="34" count="3" type="stmt"/>
      <line num="37" count="2" type="stmt"/>
      <line num="38" count="2" type="stmt"/>
      <line num="42" count="2" type="stmt"/>
      <line num="43" count="2" type="stmt"/>
      <line num="47" count="3" type="stmt"/>
    </file>
    <file name="introduce.js" path="C:\Users\peter\Desktop\Development\projects\butlerbot\src\commands\introduce.js">
      <metrics statements="22" coveredstatements="22" conditionals="6" coveredconditionals="6" methods="5" coveredmethods="5"/>
      <line num="14" count="1" type="stmt"/>
      <line num="15" count="1" type="stmt"/>
      <line num="29" count="6" type="stmt"/>
      <line num="35" count="6" type="cond" truecount="2" falsecount="0"/>
      <line num="41" count="6" type="cond" truecount="2" falsecount="0"/>
      <line num="52" count="6" type="stmt"/>
      <line num="58" count="6" type="stmt"/>
      <line num="63" count="6" type="stmt"/>
      <line num="67" count="6" type="stmt"/>
      <line num="69" count="4" type="stmt"/>
      <line num="71" count="4" type="stmt"/>
      <line num="76" count="4" type="stmt"/>
      <line num="81" count="4" type="stmt"/>
      <line num="84" count="4" type="cond" truecount="2" falsecount="0"/>
      <line num="85" count="2" type="stmt"/>
      <line num="91" count="4" type="stmt"/>
      <line num="92" count="4" type="stmt"/>
      <line num="94" count="4" type="stmt"/>
      <line num="95" count="4" type="stmt"/>
      <line num="99" count="2" type="stmt"/>
      <line num="100" count="2" type="stmt"/>
      <line num="103" count="6" type="stmt"/>
    </file>
    <file name="joke.js" path="C:\Users\peter\Desktop\Development\projects\butlerbot\src\commands\joke.js">
      <metrics statements="11" coveredstatements="11" conditionals="2" coveredconditionals="2" methods="4" coveredmethods="4"/>
      <line num="6" count="1" type="stmt"/>
      <line num="7" count="1" type="stmt"/>
      <line num="18" count="3" type="stmt"/>
      <line num="27" count="3" type="stmt"/>
      <line num="29" count="2" type="cond" truecount="2" falsecount="0"/>
      <line num="31" count="1" type="stmt"/>
      <line num="32" count="1" type="stmt"/>
      <line num="34" count="1" type="stmt"/>
      <line num="38" count="1" type="stmt"/>
      <line num="39" count="1" type="stmt"/>
      <line num="42" count="3" type="stmt"/>
    </file>
    <file name="meme.js" path="C:\Users\peter\Desktop\Development\projects\butlerbot\src\commands\meme.js">
      <metrics statements="9" coveredstatements="9" conditionals="0" coveredconditionals="0" methods="4" coveredmethods="4"/>
      <line num="6" count="1" type="stmt"/>
      <line num="7" count="1" type="stmt"/>
      <line num="22" count="2" type="stmt"/>
      <line num="32" count="2" type="stmt"/>
      <line num="41" count="2" type="stmt"/>
      <line num="42" count="2" type="stmt"/>
      <line num="43" count="2" type="stmt"/>
      <line num="49" count="2" type="stmt"/>
      <line num="51" count="2" type="stmt"/>
    </file>
    <file name="ping.js" path="C:\Users\peter\Desktop\Development\projects\butlerbot\src\commands\ping.js">
      <metrics statements="2" coveredstatements="2" conditionals="0" coveredconditionals="0" methods="1" coveredmethods="1"/>
      <line num="6" count="1" type="stmt"/>
      <line num="16" count="1" type="stmt"/>
    </file>
    <file name="prune.js" path="C:\Users\peter\Desktop\Development\projects\butlerbot\src\commands\prune.js">
      <metrics statements="10" coveredstatements="10" conditionals="6" coveredconditionals="6" methods="3" coveredmethods="3"/>
      <line num="6" count="1" type="stmt"/>
      <line num="20" count="4" type="stmt"/>
      <line num="28" count="4" type="cond" truecount="2" falsecount="0"/>
      <line num="29" count="1" type="stmt"/>
      <line num="30" count="3" type="cond" truecount="4" falsecount="0"/>
      <line num="31" count="1" type="stmt"/>
      <line num="33" count="2" type="stmt"/>
      <line num="34" count="1" type="stmt"/>
      <line num="35" count="1" type="stmt"/>
      <line num="38" count="4" type="stmt"/>
    </file>
    <file name="roll.js" path="C:\Users\peter\Desktop\Development\projects\butlerbot\src\commands\roll.js">
      <metrics statements="30" coveredstatements="30" conditionals="18" coveredconditionals="18" methods="1" coveredmethods="1"/>
      <line num="24" count="1" type="stmt"/>
      <line num="42" count="6" type="stmt"/>
      <line num="47" count="6" type="stmt"/>
      <line num="52" count="6" type="stmt"/>
      <line num="57" count="6" type="cond" truecount="2" falsecount="0"/>
      <line num="64" count="6" type="cond" truecount="4" falsecount="0"/>
      <line num="65" count="1" type="stmt"/>
      <line num="67" count="6" type="cond" truecount="4" falsecount="0"/>
      <line num="68" count="1" type="stmt"/>
      <line num="71" count="6" type="stmt"/>
      <line num="72" count="6" type="stmt"/>
      <line num="73" count="10" type="stmt"/>
      <line num="74" count="10" type="cond" truecount="2" falsecount="0"/>
      <line num="75" count="9" type="stmt"/>
      <line num="79" count="6" type="stmt"/>
      <line num="80" count="6" type="stmt"/>
      <line num="87" count="9" type="stmt"/>
      <line num="88" count="9" type="stmt"/>
      <line num="89" count="11" type="stmt"/>
      <line num="90" count="11" type="stmt"/>
      <line num="91" count="11" type="stmt"/>
      <line num="98" count="6" type="stmt"/>
      <line num="99" count="6" type="cond" truecount="2" falsecount="0"/>
      <line num="100" count="2" type="stmt"/>
      <line num="102" count="4" type="stmt"/>
      <line num="104" count="6" type="cond" truecount="4" falsecount="0"/>
      <line num="105" count="5" type="stmt"/>
      <line num="107" count="1" type="stmt"/>
      <line num="108" count="1" type="stmt"/>
      <line num="109" count="1" type="stmt"/>
    </file>
  </project>
</coverage>
