{"C:\\Users\\peter\\Desktop\\Development\\projects\\butlerbot\\src\\commands\\advice.js": {"path":"C:\\Users\\peter\\Desktop\\Development\\projects\\butlerbot\\src\\commands\\advice.js","statementMap":{"0":{"start":{"line":6,"column":14},"end":{"line":6,"column":30}},"1":{"start":{"line":7,"column":0},"end":{"line":42,"column":2}},"2":{"start":{"line":21,"column":20},"end":{"line":21,"column":55}},"3":{"start":{"line":30,"column":6},"end":{"line":37,"column":9}},"4":{"start":{"line":32,"column":8},"end":{"line":32,"column":56}},"5":{"start":{"line":35,"column":8},"end":{"line":35,"column":27}},"6":{"start":{"line":36,"column":8},"end":{"line":36,"column":104}},"7":{"start":{"line":40,"column":4},"end":{"line":40,"column":25}}},"fnMap":{"0":{"name":"(anonymous_0)","decl":{"start":{"line":16,"column":2},"end":{"line":16,"column":3}},"loc":{"start":{"line":16,"column":19},"end":{"line":41,"column":3}},"line":16},"1":{"name":"getAdvice","decl":{"start":{"line":29,"column":13},"end":{"line":29,"column":22}},"loc":{"start":{"line":29,"column":29},"end":{"line":38,"column":5}},"line":29},"2":{"name":"(anonymous_2)","decl":{"start":{"line":31,"column":12},"end":{"line":31,"column":13}},"loc":{"start":{"line":31,"column":24},"end":{"line":33,"column":7}},"line":31},"3":{"name":"(anonymous_3)","decl":{"start":{"line":34,"column":13},"end":{"line":34,"column":14}},"loc":{"start":{"line":34,"column":22},"end":{"line":37,"column":7}},"line":34}},"branchMap":{},"s":{"0":1,"1":1,"2":2,"3":2,"4":1,"5":1,"6":1,"7":2},"f":{"0":2,"1":2,"2":1,"3":1},"b":{},"_coverageSchema":"1a1c01bbd47fc00a2c39e90264f33305004495a9","hash":"80c4cf455b935232bbc56e26c1dd0cf240acf52b"}
,"C:\\Users\\peter\\Desktop\\Development\\projects\\butlerbot\\src\\commands\\apology.js": {"path":"C:\\Users\\peter\\Desktop\\Development\\projects\\butlerbot\\src\\commands\\apology.js","statementMap":{"0":{"start":{"line":6,"column":0},"end":{"line":52,"column":2}},"1":{"start":{"line":29,"column":34},"end":{"line":41,"column":13}},"2":{"start":{"line":42,"column":35},"end":{"line":42,"column":102}},"3":{"start":{"line":43,"column":12},"end":{"line":43,"column":36}},"4":{"start":{"line":49,"column":22},"end":{"line":49,"column":35}},"5":{"start":{"line":50,"column":8},"end":{"line":50,"column":84}}},"fnMap":{"0":{"name":"(anonymous_0)","decl":{"start":{"line":18,"column":4},"end":{"line":18,"column":5}},"loc":{"start":{"line":18,"column":26},"end":{"line":51,"column":5}},"line":18},"1":{"name":"pickApology","decl":{"start":{"line":24,"column":17},"end":{"line":24,"column":28}},"loc":{"start":{"line":24,"column":32},"end":{"line":44,"column":9}},"line":24}},"branchMap":{},"s":{"0":1,"1":1,"2":1,"3":1,"4":1,"5":1},"f":{"0":1,"1":1},"b":{},"_coverageSchema":"1a1c01bbd47fc00a2c39e90264f33305004495a9","hash":"9c72e723996bcf7864cdb27fc157dd23214ad120"}
,"C:\\Users\\peter\\Desktop\\Development\\projects\\butlerbot\\src\\commands\\butlerbot.js": {"path":"C:\\Users\\peter\\Desktop\\Development\\projects\\butlerbot\\src\\commands\\butlerbot.js","statementMap":{"0":{"start":{"line":6,"column":16},"end":{"line":6,"column":37}},"1":{"start":{"line":7,"column":0},"end":{"line":83,"column":2}},"2":{"start":{"line":21,"column":14},"end":{"line":21,"column":23}},"3":{"start":{"line":23,"column":14},"end":{"line":23,"column":44}},"4":{"start":{"line":25,"column":12},"end":{"line":25,"column":51}},"5":{"start":{"line":27,"column":15},"end":{"line":31,"column":3}},"6":{"start":{"line":33,"column":20},"end":{"line":33,"column":69}},"7":{"start":{"line":35,"column":18},"end":{"line":35,"column":87}},"8":{"start":{"line":37,"column":18},"end":{"line":41,"column":3}},"9":{"start":{"line":43,"column":14},"end":{"line":43,"column":101}},"10":{"start":{"line":45,"column":16},"end":{"line":45,"column":74}},"11":{"start":{"line":47,"column":15},"end":{"line":47,"column":68}},"12":{"start":{"line":67,"column":17},"end":{"line":77,"column":18}},"13":{"start":{"line":78,"column":3},"end":{"line":78,"column":16}},"14":{"start":{"line":80,"column":23},"end":{"line":80,"column":101}},"15":{"start":{"line":81,"column":2},"end":{"line":81,"column":39}}},"fnMap":{"0":{"name":"(anonymous_0)","decl":{"start":{"line":18,"column":4},"end":{"line":18,"column":5}},"loc":{"start":{"line":18,"column":29},"end":{"line":82,"column":5}},"line":18},"1":{"name":"embedMessage","decl":{"start":{"line":62,"column":11},"end":{"line":62,"column":23}},"loc":{"start":{"line":62,"column":90},"end":{"line":79,"column":3}},"line":62}},"branchMap":{"0":{"loc":{"start":{"line":45,"column":16},"end":{"line":45,"column":74}},"type":"cond-expr","locations":[{"start":{"line":45,"column":46},"end":{"line":45,"column":70}},{"start":{"line":45,"column":73},"end":{"line":45,"column":74}}],"line":45}},"s":{"0":1,"1":1,"2":0,"3":0,"4":0,"5":0,"6":0,"7":0,"8":0,"9":0,"10":0,"11":0,"12":0,"13":0,"14":0,"15":0},"f":{"0":0,"1":0},"b":{"0":[0,0]},"_coverageSchema":"1a1c01bbd47fc00a2c39e90264f33305004495a9","hash":"5b5217fca1cb7594c6cfe600c0fc3aea0e7bdbe7"}
,"C:\\Users\\peter\\Desktop\\Development\\projects\\butlerbot\\src\\commands\\cat.js": {"path":"C:\\Users\\peter\\Desktop\\Development\\projects\\butlerbot\\src\\commands\\cat.js","statementMap":{"0":{"start":{"line":6,"column":14},"end":{"line":6,"column":30}},"1":{"start":{"line":7,"column":0},"end":{"line":42,"column":2}},"2":{"start":{"line":21,"column":17},"end":{"line":21,"column":61}},"3":{"start":{"line":30,"column":6},"end":{"line":37,"column":11}},"4":{"start":{"line":32,"column":10},"end":{"line":32,"column":53}},"5":{"start":{"line":35,"column":10},"end":{"line":35,"column":29}},"6":{"start":{"line":36,"column":10},"end":{"line":36,"column":98}},"7":{"start":{"line":40,"column":4},"end":{"line":40,"column":21}}},"fnMap":{"0":{"name":"(anonymous_0)","decl":{"start":{"line":16,"column":2},"end":{"line":16,"column":3}},"loc":{"start":{"line":16,"column":19},"end":{"line":41,"column":3}},"line":16},"1":{"name":"catImage","decl":{"start":{"line":29,"column":13},"end":{"line":29,"column":21}},"loc":{"start":{"line":29,"column":27},"end":{"line":38,"column":5}},"line":29},"2":{"name":"(anonymous_2)","decl":{"start":{"line":31,"column":14},"end":{"line":31,"column":15}},"loc":{"start":{"line":31,"column":26},"end":{"line":33,"column":9}},"line":31},"3":{"name":"(anonymous_3)","decl":{"start":{"line":34,"column":15},"end":{"line":34,"column":16}},"loc":{"start":{"line":34,"column":24},"end":{"line":37,"column":9}},"line":34}},"branchMap":{},"s":{"0":1,"1":1,"2":2,"3":2,"4":1,"5":1,"6":1,"7":2},"f":{"0":2,"1":2,"2":1,"3":1},"b":{},"_coverageSchema":"1a1c01bbd47fc00a2c39e90264f33305004495a9","hash":"f6e6b044adaff5c3db8006990399087a380d7953"}
,"C:\\Users\\peter\\Desktop\\Development\\projects\\butlerbot\\src\\commands\\catfact.js": {"path":"C:\\Users\\peter\\Desktop\\Development\\projects\\butlerbot\\src\\commands\\catfact.js","statementMap":{"0":{"start":{"line":6,"column":14},"end":{"line":6,"column":30}},"1":{"start":{"line":7,"column":0},"end":{"line":41,"column":2}},"2":{"start":{"line":21,"column":21},"end":{"line":21,"column":66}},"3":{"start":{"line":30,"column":6},"end":{"line":37,"column":9}},"4":{"start":{"line":32,"column":8},"end":{"line":32,"column":49}},"5":{"start":{"line":35,"column":8},"end":{"line":35,"column":27}},"6":{"start":{"line":36,"column":8},"end":{"line":36,"column":129}},"7":{"start":{"line":39,"column":4},"end":{"line":39,"column":31}}},"fnMap":{"0":{"name":"(anonymous_0)","decl":{"start":{"line":16,"column":2},"end":{"line":16,"column":3}},"loc":{"start":{"line":16,"column":19},"end":{"line":40,"column":3}},"line":16},"1":{"name":"catFactApiCall","decl":{"start":{"line":29,"column":13},"end":{"line":29,"column":27}},"loc":{"start":{"line":29,"column":33},"end":{"line":38,"column":5}},"line":29},"2":{"name":"(anonymous_2)","decl":{"start":{"line":31,"column":12},"end":{"line":31,"column":13}},"loc":{"start":{"line":31,"column":24},"end":{"line":33,"column":7}},"line":31},"3":{"name":"(anonymous_3)","decl":{"start":{"line":34,"column":13},"end":{"line":34,"column":14}},"loc":{"start":{"line":34,"column":22},"end":{"line":37,"column":7}},"line":34}},"branchMap":{},"s":{"0":1,"1":1,"2":2,"3":2,"4":1,"5":1,"6":1,"7":2},"f":{"0":2,"1":2,"2":1,"3":1},"b":{},"_coverageSchema":"1a1c01bbd47fc00a2c39e90264f33305004495a9","hash":"59f7217d29d171e9f749b96cb635ac9a54171a27"}
,"C:\\Users\\peter\\Desktop\\Development\\projects\\butlerbot\\src\\commands\\documentation.js": {"path":"C:\\Users\\peter\\Desktop\\Development\\projects\\butlerbot\\src\\commands\\documentation.js","statementMap":{"0":{"start":{"line":6,"column":0},"end":{"line":22,"column":2}},"1":{"start":{"line":17,"column":8},"end":{"line":20,"column":10}}},"fnMap":{"0":{"name":"(anonymous_0)","decl":{"start":{"line":16,"column":4},"end":{"line":16,"column":5}},"loc":{"start":{"line":16,"column":21},"end":{"line":21,"column":5}},"line":16}},"branchMap":{},"s":{"0":1,"1":1},"f":{"0":1},"b":{},"_coverageSchema":"1a1c01bbd47fc00a2c39e90264f33305004495a9","hash":"2dbaab23c2858dec9e6424e4f9330bd34c155429"}
,"C:\\Users\\peter\\Desktop\\Development\\projects\\butlerbot\\src\\commands\\dog.js": {"path":"C:\\Users\\peter\\Desktop\\Development\\projects\\butlerbot\\src\\commands\\dog.js","statementMap":{"0":{"start":{"line":6,"column":14},"end":{"line":6,"column":30}},"1":{"start":{"line":7,"column":0},"end":{"line":42,"column":2}},"2":{"start":{"line":20,"column":17},"end":{"line":20,"column":58}},"3":{"start":{"line":30,"column":6},"end":{"line":37,"column":9}},"4":{"start":{"line":32,"column":8},"end":{"line":32,"column":52}},"5":{"start":{"line":35,"column":8},"end":{"line":35,"column":27}},"6":{"start":{"line":36,"column":8},"end":{"line":36,"column":96}},"7":{"start":{"line":40,"column":4},"end":{"line":40,"column":23}}},"fnMap":{"0":{"name":"(anonymous_0)","decl":{"start":{"line":15,"column":2},"end":{"line":15,"column":3}},"loc":{"start":{"line":15,"column":19},"end":{"line":41,"column":3}},"line":15},"1":{"name":"dogApiCall","decl":{"start":{"line":29,"column":13},"end":{"line":29,"column":23}},"loc":{"start":{"line":29,"column":29},"end":{"line":38,"column":5}},"line":29},"2":{"name":"(anonymous_2)","decl":{"start":{"line":31,"column":12},"end":{"line":31,"column":13}},"loc":{"start":{"line":31,"column":24},"end":{"line":33,"column":7}},"line":31},"3":{"name":"(anonymous_3)","decl":{"start":{"line":34,"column":13},"end":{"line":34,"column":14}},"loc":{"start":{"line":34,"column":22},"end":{"line":37,"column":7}},"line":34}},"branchMap":{},"s":{"0":1,"1":1,"2":2,"3":2,"4":1,"5":1,"6":1,"7":2},"f":{"0":2,"1":2,"2":1,"3":1},"b":{},"_coverageSchema":"1a1c01bbd47fc00a2c39e90264f33305004495a9","hash":"19a0814ab051f2044f6631f19bb5d11122046df8"}
,"C:\\Users\\peter\\Desktop\\Development\\projects\\butlerbot\\src\\commands\\help.js": {"path":"C:\\Users\\peter\\Desktop\\Development\\projects\\butlerbot\\src\\commands\\help.js","statementMap":{"0":{"start":{"line":6,"column":19},"end":{"line":6,"column":47}},"1":{"start":{"line":7,"column":0},"end":{"line":62,"column":2}},"2":{"start":{"line":21,"column":21},"end":{"line":21,"column":23}},"3":{"start":{"line":26,"column":29},"end":{"line":26,"column":43}},"4":{"start":{"line":29,"column":8},"end":{"line":34,"column":9}},"5":{"start":{"line":30,"column":12},"end":{"line":30,"column":62}},"6":{"start":{"line":31,"column":12},"end":{"line":31,"column":120}},"7":{"start":{"line":31,"column":58},"end":{"line":31,"column":103}},"8":{"start":{"line":32,"column":12},"end":{"line":32,"column":108}},"9":{"start":{"line":33,"column":12},"end":{"line":33,"column":63}},"10":{"start":{"line":36,"column":21},"end":{"line":36,"column":42}},"11":{"start":{"line":38,"column":24},"end":{"line":38,"column":103}},"12":{"start":{"line":38,"column":65},"end":{"line":38,"column":102}},"13":{"start":{"line":40,"column":8},"end":{"line":42,"column":9}},"14":{"start":{"line":41,"column":12},"end":{"line":41,"column":65}},"15":{"start":{"line":44,"column":8},"end":{"line":44,"column":47}},"16":{"start":{"line":47,"column":8},"end":{"line":49,"column":9}},"17":{"start":{"line":48,"column":12},"end":{"line":48,"column":68}},"18":{"start":{"line":51,"column":8},"end":{"line":53,"column":9}},"19":{"start":{"line":52,"column":12},"end":{"line":52,"column":65}},"20":{"start":{"line":55,"column":8},"end":{"line":57,"column":9}},"21":{"start":{"line":56,"column":12},"end":{"line":56,"column":78}},"22":{"start":{"line":58,"column":8},"end":{"line":58,"column":70}},"23":{"start":{"line":60,"column":8},"end":{"line":60,"column":52}}},"fnMap":{"0":{"name":"(anonymous_0)","decl":{"start":{"line":19,"column":4},"end":{"line":19,"column":5}},"loc":{"start":{"line":19,"column":27},"end":{"line":61,"column":2}},"line":19},"1":{"name":"(anonymous_1)","decl":{"start":{"line":31,"column":47},"end":{"line":31,"column":48}},"loc":{"start":{"line":31,"column":58},"end":{"line":31,"column":103}},"line":31},"2":{"name":"(anonymous_2)","decl":{"start":{"line":38,"column":60},"end":{"line":38,"column":61}},"loc":{"start":{"line":38,"column":65},"end":{"line":38,"column":102}},"line":38}},"branchMap":{"0":{"loc":{"start":{"line":29,"column":8},"end":{"line":34,"column":9}},"type":"if","locations":[{"start":{"line":29,"column":8},"end":{"line":34,"column":9}},{"start":{"line":29,"column":8},"end":{"line":34,"column":9}}],"line":29},"1":{"loc":{"start":{"line":38,"column":24},"end":{"line":38,"column":103}},"type":"binary-expr","locations":[{"start":{"line":38,"column":24},"end":{"line":38,"column":42}},{"start":{"line":38,"column":46},"end":{"line":38,"column":103}}],"line":38},"2":{"loc":{"start":{"line":38,"column":65},"end":{"line":38,"column":102}},"type":"binary-expr","locations":[{"start":{"line":38,"column":65},"end":{"line":38,"column":74}},{"start":{"line":38,"column":78},"end":{"line":38,"column":102}}],"line":38},"3":{"loc":{"start":{"line":40,"column":8},"end":{"line":42,"column":9}},"type":"if","locations":[{"start":{"line":40,"column":8},"end":{"line":42,"column":9}},{"start":{"line":40,"column":8},"end":{"line":42,"column":9}}],"line":40},"4":{"loc":{"start":{"line":47,"column":8},"end":{"line":49,"column":9}},"type":"if","locations":[{"start":{"line":47,"column":8},"end":{"line":49,"column":9}}],"line":47},"5":{"loc":{"start":{"line":51,"column":8},"end":{"line":53,"column":9}},"type":"if","locations":[{"start":{"line":51,"column":8},"end":{"line":53,"column":9}}],"line":51},"6":{"loc":{"start":{"line":55,"column":8},"end":{"line":57,"column":9}},"type":"if","locations":[{"start":{"line":55,"column":8},"end":{"line":57,"column":9}}],"line":55},"7":{"loc":{"start":{"line":58,"column":35},"end":{"line":58,"column":56}},"type":"binary-expr","locations":[{"start":{"line":58,"column":35},"end":{"line":58,"column":51}},{"start":{"line":58,"column":55},"end":{"line":58,"column":56}}],"line":58}},"s":{"0":1,"1":1,"2":4,"3":4,"4":4,"5":1,"6":1,"7":15,"8":1,"9":1,"10":3,"11":3,"12":15,"13":3,"14":1,"15":2,"16":2,"17":2,"18":2,"19":2,"20":2,"21":2,"22":2,"23":2},"f":{"0":4,"1":15,"2":15},"b":{"0":[1,3],"1":[3,1],"2":[15,12],"3":[1,2],"4":[2],"5":[2],"6":[2],"7":[2,1]},"_coverageSchema":"1a1c01bbd47fc00a2c39e90264f33305004495a9","hash":"f0b5b7d469b45d1b11fe8e666b8a5ac72aeaa3d5"}
,"C:\\Users\\peter\\Desktop\\Development\\projects\\butlerbot\\src\\commands\\insult.js": {"path":"C:\\Users\\peter\\Desktop\\Development\\projects\\butlerbot\\src\\commands\\insult.js","statementMap":{"0":{"start":{"line":6,"column":14},"end":{"line":6,"column":30}},"1":{"start":{"line":7,"column":0},"end":{"line":49,"column":2}},"2":{"start":{"line":22,"column":22},"end":{"line":22,"column":84}},"3":{"start":{"line":32,"column":8},"end":{"line":32,"column":38}},"4":{"start":{"line":34,"column":8},"end":{"line":44,"column":11}},"5":{"start":{"line":37,"column":22},"end":{"line":37,"column":121}},"6":{"start":{"line":38,"column":12},"end":{"line":38,"column":60}},"7":{"start":{"line":42,"column":10},"end":{"line":42,"column":29}},"8":{"start":{"line":43,"column":10},"end":{"line":43,"column":102}},"9":{"start":{"line":47,"column":6},"end":{"line":47,"column":31}}},"fnMap":{"0":{"name":"(anonymous_0)","decl":{"start":{"line":20,"column":4},"end":{"line":20,"column":5}},"loc":{"start":{"line":20,"column":26},"end":{"line":48,"column":5}},"line":20},"1":{"name":"insultMessage","decl":{"start":{"line":30,"column":15},"end":{"line":30,"column":28}},"loc":{"start":{"line":30,"column":34},"end":{"line":45,"column":7}},"line":30},"2":{"name":"(anonymous_2)","decl":{"start":{"line":35,"column":16},"end":{"line":35,"column":17}},"loc":{"start":{"line":35,"column":28},"end":{"line":39,"column":9}},"line":35},"3":{"name":"(anonymous_3)","decl":{"start":{"line":41,"column":15},"end":{"line":41,"column":16}},"loc":{"start":{"line":41,"column":24},"end":{"line":44,"column":9}},"line":41}},"branchMap":{},"s":{"0":1,"1":1,"2":3,"3":3,"4":3,"5":2,"6":2,"7":2,"8":2,"9":3},"f":{"0":3,"1":3,"2":2,"3":2},"b":{},"_coverageSchema":"1a1c01bbd47fc00a2c39e90264f33305004495a9","hash":"4c7f3ace928d53923e2be66b4981f631ae66da53"}
,"C:\\Users\\peter\\Desktop\\Development\\projects\\butlerbot\\src\\commands\\introduce.js": {"path":"C:\\Users\\peter\\Desktop\\Development\\projects\\butlerbot\\src\\commands\\introduce.js","statementMap":{"0":{"start":{"line":14,"column":14},"end":{"line":14,"column":30}},"1":{"start":{"line":15,"column":0},"end":{"line":105,"column":2}},"2":{"start":{"line":29,"column":4},"end":{"line":29,"column":34}},"3":{"start":{"line":35,"column":17},"end":{"line":35,"column":58}},"4":{"start":{"line":41,"column":19},"end":{"line":41,"column":69}},"5":{"start":{"line":52,"column":14},"end":{"line":52,"column":49}},"6":{"start":{"line":58,"column":19},"end":{"line":58,"column":87}},"7":{"start":{"line":63,"column":19},"end":{"line":63,"column":97}},"8":{"start":{"line":67,"column":6},"end":{"line":101,"column":9}},"9":{"start":{"line":69,"column":30},"end":{"line":69,"column":42}},"10":{"start":{"line":71,"column":30},"end":{"line":71,"column":42}},"11":{"start":{"line":76,"column":28},"end":{"line":76,"column":101}},"12":{"start":{"line":76,"column":95},"end":{"line":76,"column":100}},"13":{"start":{"line":81,"column":22},"end":{"line":81,"column":77}},"14":{"start":{"line":84,"column":10},"end":{"line":86,"column":11}},"15":{"start":{"line":85,"column":14},"end":{"line":85,"column":31}},"16":{"start":{"line":91,"column":27},"end":{"line":91,"column":81}},"17":{"start":{"line":92,"column":10},"end":{"line":92,"column":58}},"18":{"start":{"line":94,"column":27},"end":{"line":94,"column":93}},"19":{"start":{"line":95,"column":10},"end":{"line":95,"column":43}},"20":{"start":{"line":99,"column":10},"end":{"line":99,"column":32}},"21":{"start":{"line":100,"column":10},"end":{"line":100,"column":116}},"22":{"start":{"line":103,"column":4},"end":{"line":103,"column":36}}},"fnMap":{"0":{"name":"(anonymous_0)","decl":{"start":{"line":27,"column":2},"end":{"line":27,"column":3}},"loc":{"start":{"line":27,"column":25},"end":{"line":104,"column":3}},"line":27},"1":{"name":"getTitleAndFact","decl":{"start":{"line":65,"column":13},"end":{"line":65,"column":28}},"loc":{"start":{"line":65,"column":45},"end":{"line":102,"column":5}},"line":65},"2":{"name":"(anonymous_2)","decl":{"start":{"line":67,"column":41},"end":{"line":67,"column":42}},"loc":{"start":{"line":67,"column":54},"end":{"line":96,"column":9}},"line":67},"3":{"name":"(anonymous_3)","decl":{"start":{"line":76,"column":92},"end":{"line":76,"column":93}},"loc":{"start":{"line":76,"column":95},"end":{"line":76,"column":100}},"line":76},"4":{"name":"(anonymous_4)","decl":{"start":{"line":98,"column":15},"end":{"line":98,"column":16}},"loc":{"start":{"line":98,"column":25},"end":{"line":101,"column":7}},"line":98}},"branchMap":{"0":{"loc":{"start":{"line":35,"column":17},"end":{"line":35,"column":58}},"type":"cond-expr","locations":[{"start":{"line":35,"column":34},"end":{"line":35,"column":48}},{"start":{"line":35,"column":51},"end":{"line":35,"column":58}}],"line":35},"1":{"loc":{"start":{"line":41,"column":19},"end":{"line":41,"column":69}},"type":"cond-expr","locations":[{"start":{"line":41,"column":36},"end":{"line":41,"column":59}},{"start":{"line":41,"column":62},"end":{"line":41,"column":69}}],"line":41},"2":{"loc":{"start":{"line":84,"column":10},"end":{"line":86,"column":11}},"type":"if","locations":[{"start":{"line":84,"column":10},"end":{"line":86,"column":11}},{"start":{"line":84,"column":10},"end":{"line":86,"column":11}}],"line":84}},"s":{"0":1,"1":1,"2":6,"3":6,"4":6,"5":6,"6":6,"7":6,"8":6,"9":4,"10":4,"11":4,"12":4,"13":4,"14":4,"15":2,"16":4,"17":4,"18":4,"19":4,"20":2,"21":2,"22":6},"f":{"0":6,"1":6,"2":4,"3":4,"4":2},"b":{"0":[2,4],"1":[2,4],"2":[2,2]},"_coverageSchema":"1a1c01bbd47fc00a2c39e90264f33305004495a9","hash":"ef61e1407d6a6663f4dec21441ff11b3483f2909"}
,"C:\\Users\\peter\\Desktop\\Development\\projects\\butlerbot\\src\\commands\\joke.js": {"path":"C:\\Users\\peter\\Desktop\\Development\\projects\\butlerbot\\src\\commands\\joke.js","statementMap":{"0":{"start":{"line":6,"column":14},"end":{"line":6,"column":30}},"1":{"start":{"line":7,"column":0},"end":{"line":44,"column":2}},"2":{"start":{"line":18,"column":22},"end":{"line":18,"column":134}},"3":{"start":{"line":27,"column":12},"end":{"line":40,"column":13}},"4":{"start":{"line":29,"column":14},"end":{"line":35,"column":15}},"5":{"start":{"line":31,"column":28},"end":{"line":31,"column":84}},"6":{"start":{"line":32,"column":18},"end":{"line":32,"column":44}},"7":{"start":{"line":34,"column":18},"end":{"line":34,"column":59}},"8":{"start":{"line":38,"column":12},"end":{"line":38,"column":31}},"9":{"start":{"line":39,"column":12},"end":{"line":39,"column":104}},"10":{"start":{"line":42,"column":8},"end":{"line":42,"column":29}}},"fnMap":{"0":{"name":"(anonymous_0)","decl":{"start":{"line":16,"column":4},"end":{"line":16,"column":5}},"loc":{"start":{"line":16,"column":21},"end":{"line":43,"column":5}},"line":16},"1":{"name":"jokeApiCall","decl":{"start":{"line":26,"column":17},"end":{"line":26,"column":28}},"loc":{"start":{"line":26,"column":34},"end":{"line":41,"column":9}},"line":26},"2":{"name":"(anonymous_2)","decl":{"start":{"line":28,"column":18},"end":{"line":28,"column":19}},"loc":{"start":{"line":28,"column":30},"end":{"line":36,"column":11}},"line":28},"3":{"name":"(anonymous_3)","decl":{"start":{"line":37,"column":17},"end":{"line":37,"column":18}},"loc":{"start":{"line":37,"column":26},"end":{"line":40,"column":11}},"line":37}},"branchMap":{"0":{"loc":{"start":{"line":29,"column":14},"end":{"line":35,"column":15}},"type":"if","locations":[{"start":{"line":29,"column":14},"end":{"line":35,"column":15}},{"start":{"line":29,"column":14},"end":{"line":35,"column":15}}],"line":29}},"s":{"0":1,"1":1,"2":3,"3":3,"4":2,"5":1,"6":1,"7":1,"8":1,"9":1,"10":3},"f":{"0":3,"1":3,"2":2,"3":1},"b":{"0":[1,1]},"_coverageSchema":"1a1c01bbd47fc00a2c39e90264f33305004495a9","hash":"d1f4714b9c7f20b3543b5c08aecf2812f5b513a9"}
,"C:\\Users\\peter\\Desktop\\Development\\projects\\butlerbot\\src\\commands\\meme.js": {"path":"C:\\Users\\peter\\Desktop\\Development\\projects\\butlerbot\\src\\commands\\meme.js","statementMap":{"0":{"start":{"line":6,"column":20},"end":{"line":6,"column":43}},"1":{"start":{"line":7,"column":0},"end":{"line":53,"column":2}},"2":{"start":{"line":22,"column":21},"end":{"line":27,"column":9}},"3":{"start":{"line":32,"column":24},"end":{"line":32,"column":73}},"4":{"start":{"line":41,"column":12},"end":{"line":41,"column":42}},"5":{"start":{"line":42,"column":12},"end":{"line":49,"column":48}},"6":{"start":{"line":43,"column":16},"end":{"line":48,"column":58}},"7":{"start":{"line":49,"column":28},"end":{"line":49,"column":46}},"8":{"start":{"line":51,"column":8},"end":{"line":51,"column":33}}},"fnMap":{"0":{"name":"(anonymous_0)","decl":{"start":{"line":17,"column":4},"end":{"line":17,"column":5}},"loc":{"start":{"line":17,"column":21},"end":{"line":52,"column":5}},"line":17},"1":{"name":"apiImageCrawl","decl":{"start":{"line":40,"column":17},"end":{"line":40,"column":30}},"loc":{"start":{"line":40,"column":40},"end":{"line":50,"column":9}},"line":40},"2":{"name":"(anonymous_2)","decl":{"start":{"line":42,"column":38},"end":{"line":42,"column":39}},"loc":{"start":{"line":42,"column":51},"end":{"line":49,"column":13}},"line":42},"3":{"name":"(anonymous_3)","decl":{"start":{"line":49,"column":21},"end":{"line":49,"column":22}},"loc":{"start":{"line":49,"column":28},"end":{"line":49,"column":46}},"line":49}},"branchMap":{},"s":{"0":1,"1":1,"2":2,"3":2,"4":2,"5":2,"6":2,"7":2,"8":2},"f":{"0":2,"1":2,"2":2,"3":2},"b":{},"_coverageSchema":"1a1c01bbd47fc00a2c39e90264f33305004495a9","hash":"fe777e7072886f810638f61c558ccd3a4dfbdb7b"}
,"C:\\Users\\peter\\Desktop\\Development\\projects\\butlerbot\\src\\commands\\ping.js": {"path":"C:\\Users\\peter\\Desktop\\Development\\projects\\butlerbot\\src\\commands\\ping.js","statementMap":{"0":{"start":{"line":6,"column":0},"end":{"line":18,"column":2}},"1":{"start":{"line":16,"column":8},"end":{"line":16,"column":96}}},"fnMap":{"0":{"name":"(anonymous_0)","decl":{"start":{"line":15,"column":4},"end":{"line":15,"column":5}},"loc":{"start":{"line":15,"column":21},"end":{"line":17,"column":5}},"line":15}},"branchMap":{},"s":{"0":1,"1":1},"f":{"0":1},"b":{},"_coverageSchema":"1a1c01bbd47fc00a2c39e90264f33305004495a9","hash":"11276c4e1453f448fc7a55c911b6bb1e4cc622e0"}
,"C:\\Users\\peter\\Desktop\\Development\\projects\\butlerbot\\src\\commands\\prune.js": {"path":"C:\\Users\\peter\\Desktop\\Development\\projects\\butlerbot\\src\\commands\\prune.js","statementMap":{"0":{"start":{"line":6,"column":0},"end":{"line":40,"column":2}},"1":{"start":{"line":20,"column":17},"end":{"line":20,"column":38}},"2":{"start":{"line":28,"column":3},"end":{"line":32,"column":4}},"3":{"start":{"line":29,"column":4},"end":{"line":29,"column":69}},"4":{"start":{"line":30,"column":10},"end":{"line":32,"column":4}},"5":{"start":{"line":31,"column":4},"end":{"line":31,"column":73}},"6":{"start":{"line":33,"column":3},"end":{"line":36,"column":6}},"7":{"start":{"line":34,"column":4},"end":{"line":34,"column":23}},"8":{"start":{"line":35,"column":4},"end":{"line":35,"column":89}},"9":{"start":{"line":38,"column":2},"end":{"line":38,"column":23}}},"fnMap":{"0":{"name":"(anonymous_0)","decl":{"start":{"line":15,"column":1},"end":{"line":15,"column":2}},"loc":{"start":{"line":15,"column":24},"end":{"line":39,"column":2}},"line":15},"1":{"name":"pruneChannel","decl":{"start":{"line":27,"column":11},"end":{"line":27,"column":23}},"loc":{"start":{"line":27,"column":31},"end":{"line":37,"column":3}},"line":27},"2":{"name":"(anonymous_2)","decl":{"start":{"line":33,"column":49},"end":{"line":33,"column":50}},"loc":{"start":{"line":33,"column":56},"end":{"line":36,"column":4}},"line":33}},"branchMap":{"0":{"loc":{"start":{"line":28,"column":3},"end":{"line":32,"column":4}},"type":"if","locations":[{"start":{"line":28,"column":3},"end":{"line":32,"column":4}},{"start":{"line":28,"column":3},"end":{"line":32,"column":4}}],"line":28},"1":{"loc":{"start":{"line":30,"column":10},"end":{"line":32,"column":4}},"type":"if","locations":[{"start":{"line":30,"column":10},"end":{"line":32,"column":4}},{"start":{"line":30,"column":10},"end":{"line":32,"column":4}}],"line":30},"2":{"loc":{"start":{"line":30,"column":14},"end":{"line":30,"column":39}},"type":"binary-expr","locations":[{"start":{"line":30,"column":14},"end":{"line":30,"column":24}},{"start":{"line":30,"column":28},"end":{"line":30,"column":39}}],"line":30}},"s":{"0":1,"1":4,"2":4,"3":1,"4":3,"5":1,"6":2,"7":1,"8":1,"9":4},"f":{"0":4,"1":4,"2":1},"b":{"0":[1,3],"1":[1,2],"2":[3,2]},"_coverageSchema":"1a1c01bbd47fc00a2c39e90264f33305004495a9","hash":"4503f5ff202560af17dd37d65ffe5b63830ffa67"}
,"C:\\Users\\peter\\Desktop\\Development\\projects\\butlerbot\\src\\commands\\roll.js": {"path":"C:\\Users\\peter\\Desktop\\Development\\projects\\butlerbot\\src\\commands\\roll.js","statementMap":{"0":{"start":{"line":24,"column":1},"end":{"line":112,"column":2}},"1":{"start":{"line":42,"column":23},"end":{"line":42,"column":24}},"2":{"start":{"line":47,"column":23},"end":{"line":47,"column":25}},"3":{"start":{"line":52,"column":24},"end":{"line":52,"column":26}},"4":{"start":{"line":57,"column":24},"end":{"line":57,"column":54}},"5":{"start":{"line":64,"column":8},"end":{"line":66,"column":9}},"6":{"start":{"line":65,"column":12},"end":{"line":65,"column":46}},"7":{"start":{"line":67,"column":8},"end":{"line":69,"column":9}},"8":{"start":{"line":68,"column":12},"end":{"line":68,"column":46}},"9":{"start":{"line":71,"column":16},"end":{"line":71,"column":17}},"10":{"start":{"line":72,"column":8},"end":{"line":77,"column":9}},"11":{"start":{"line":73,"column":23},"end":{"line":73,"column":59}},"12":{"start":{"line":74,"column":12},"end":{"line":76,"column":13}},"13":{"start":{"line":75,"column":16},"end":{"line":75,"column":36}},"14":{"start":{"line":79,"column":16},"end":{"line":79,"column":17}},"15":{"start":{"line":80,"column":8},"end":{"line":93,"column":9}},"16":{"start":{"line":87,"column":20},"end":{"line":87,"column":21}},"17":{"start":{"line":88,"column":12},"end":{"line":92,"column":13}},"18":{"start":{"line":89,"column":27},"end":{"line":89,"column":78}},"19":{"start":{"line":90,"column":16},"end":{"line":90,"column":37}},"20":{"start":{"line":91,"column":16},"end":{"line":91,"column":33}},"21":{"start":{"line":98,"column":20},"end":{"line":98,"column":22}},"22":{"start":{"line":99,"column":8},"end":{"line":103,"column":9}},"23":{"start":{"line":100,"column":12},"end":{"line":100,"column":47}},"24":{"start":{"line":102,"column":12},"end":{"line":102,"column":79}},"25":{"start":{"line":104,"column":8},"end":{"line":110,"column":9}},"26":{"start":{"line":105,"column":12},"end":{"line":105,"column":40}},"27":{"start":{"line":107,"column":24},"end":{"line":107,"column":89}},"28":{"start":{"line":108,"column":12},"end":{"line":108,"column":78}},"29":{"start":{"line":109,"column":12},"end":{"line":109,"column":40}}},"fnMap":{"0":{"name":"(anonymous_0)","decl":{"start":{"line":37,"column":4},"end":{"line":37,"column":5}},"loc":{"start":{"line":37,"column":26},"end":{"line":111,"column":5}},"line":37}},"branchMap":{"0":{"loc":{"start":{"line":57,"column":24},"end":{"line":57,"column":54}},"type":"cond-expr","locations":[{"start":{"line":57,"column":45},"end":{"line":57,"column":49}},{"start":{"line":57,"column":52},"end":{"line":57,"column":54}}],"line":57},"1":{"loc":{"start":{"line":64,"column":8},"end":{"line":66,"column":9}},"type":"if","locations":[{"start":{"line":64,"column":8},"end":{"line":66,"column":9}},{"start":{"line":64,"column":8},"end":{"line":66,"column":9}}],"line":64},"2":{"loc":{"start":{"line":64,"column":12},"end":{"line":64,"column":66}},"type":"binary-expr","locations":[{"start":{"line":64,"column":12},"end":{"line":64,"column":33}},{"start":{"line":64,"column":37},"end":{"line":64,"column":66}}],"line":64},"3":{"loc":{"start":{"line":67,"column":8},"end":{"line":69,"column":9}},"type":"if","locations":[{"start":{"line":67,"column":8},"end":{"line":69,"column":9}},{"start":{"line":67,"column":8},"end":{"line":69,"column":9}}],"line":67},"4":{"loc":{"start":{"line":67,"column":12},"end":{"line":67,"column":66}},"type":"binary-expr","locations":[{"start":{"line":67,"column":12},"end":{"line":67,"column":33}},{"start":{"line":67,"column":37},"end":{"line":67,"column":66}}],"line":67},"5":{"loc":{"start":{"line":74,"column":12},"end":{"line":76,"column":13}},"type":"if","locations":[{"start":{"line":74,"column":12},"end":{"line":76,"column":13}},{"start":{"line":74,"column":12},"end":{"line":76,"column":13}}],"line":74},"6":{"loc":{"start":{"line":99,"column":8},"end":{"line":103,"column":9}},"type":"if","locations":[{"start":{"line":99,"column":8},"end":{"line":103,"column":9}},{"start":{"line":99,"column":8},"end":{"line":103,"column":9}}],"line":99},"7":{"loc":{"start":{"line":104,"column":8},"end":{"line":110,"column":9}},"type":"if","locations":[{"start":{"line":104,"column":8},"end":{"line":110,"column":9}},{"start":{"line":104,"column":8},"end":{"line":110,"column":9}}],"line":104},"8":{"loc":{"start":{"line":104,"column":13},"end":{"line":104,"column":61}},"type":"binary-expr","locations":[{"start":{"line":104,"column":13},"end":{"line":104,"column":35}},{"start":{"line":104,"column":39},"end":{"line":104,"column":61}}],"line":104}},"s":{"0":1,"1":6,"2":6,"3":6,"4":6,"5":6,"6":1,"7":6,"8":1,"9":6,"10":6,"11":10,"12":10,"13":9,"14":6,"15":6,"16":9,"17":9,"18":11,"19":11,"20":11,"21":6,"22":6,"23":2,"24":4,"25":6,"26":5,"27":1,"28":1,"29":1},"f":{"0":6},"b":{"0":[5,1],"1":[1,5],"2":[6,4],"3":[1,5],"4":[6,3],"5":[9,1],"6":[2,4],"7":[5,1],"8":[6,6]},"_coverageSchema":"1a1c01bbd47fc00a2c39e90264f33305004495a9","hash":"5d2305430d5f6ee173dcee9c8a647f9218197953"}
}
