{"/home/runner/work/butlerbot/butlerbot/src/commands/advice.js": {"path":"/home/runner/work/butlerbot/butlerbot/src/commands/advice.js","statementMap":{"0":{"start":{"line":6,"column":14},"end":{"line":6,"column":30}},"1":{"start":{"line":7,"column":0},"end":{"line":42,"column":2}},"2":{"start":{"line":21,"column":20},"end":{"line":21,"column":55}},"3":{"start":{"line":30,"column":6},"end":{"line":37,"column":9}},"4":{"start":{"line":32,"column":8},"end":{"line":32,"column":56}},"5":{"start":{"line":35,"column":8},"end":{"line":35,"column":27}},"6":{"start":{"line":36,"column":8},"end":{"line":36,"column":104}},"7":{"start":{"line":40,"column":4},"end":{"line":40,"column":25}}},"fnMap":{"0":{"name":"(anonymous_0)","decl":{"start":{"line":16,"column":2},"end":{"line":16,"column":3}},"loc":{"start":{"line":16,"column":19},"end":{"line":41,"column":3}},"line":16},"1":{"name":"getAdvice","decl":{"start":{"line":29,"column":13},"end":{"line":29,"column":22}},"loc":{"start":{"line":29,"column":29},"end":{"line":38,"column":5}},"line":29},"2":{"name":"(anonymous_2)","decl":{"start":{"line":31,"column":12},"end":{"line":31,"column":13}},"loc":{"start":{"line":31,"column":24},"end":{"line":33,"column":7}},"line":31},"3":{"name":"(anonymous_3)","decl":{"start":{"line":34,"column":13},"end":{"line":34,"column":14}},"loc":{"start":{"line":34,"column":22},"end":{"line":37,"column":7}},"line":34}},"branchMap":{},"s":{"0":1,"1":1,"2":2,"3":2,"4":1,"5":1,"6":1,"7":2},"f":{"0":2,"1":2,"2":1,"3":1},"b":{},"_coverageSchema":"1a1c01bbd47fc00a2c39e90264f33305004495a9","hash":"6c884e2a820cd286007b9a561e50a191df69d7db"}
,"/home/runner/work/butlerbot/butlerbot/src/commands/apology.js": {"path":"/home/runner/work/butlerbot/butlerbot/src/commands/apology.js","statementMap":{"0":{"start":{"line":6,"column":0},"end":{"line":52,"column":2}},"1":{"start":{"line":29,"column":34},"end":{"line":41,"column":13}},"2":{"start":{"line":42,"column":35},"end":{"line":42,"column":102}},"3":{"start":{"line":43,"column":12},"end":{"line":43,"column":36}},"4":{"start":{"line":49,"column":22},"end":{"line":49,"column":35}},"5":{"start":{"line":50,"column":8},"end":{"line":50,"column":84}}},"fnMap":{"0":{"name":"(anonymous_0)","decl":{"start":{"line":18,"column":4},"end":{"line":18,"column":5}},"loc":{"start":{"line":18,"column":26},"end":{"line":51,"column":5}},"line":18},"1":{"name":"pickApology","decl":{"start":{"line":24,"column":17},"end":{"line":24,"column":28}},"loc":{"start":{"line":24,"column":32},"end":{"line":44,"column":9}},"line":24}},"branchMap":{},"s":{"0":1,"1":1,"2":1,"3":1,"4":1,"5":1},"f":{"0":1,"1":1},"b":{},"_coverageSchema":"1a1c01bbd47fc00a2c39e90264f33305004495a9","hash":"ed64d7820b246e3b3b8164100ade39910f04544e"}
,"/home/runner/work/butlerbot/butlerbot/src/commands/butlerbot.js": {"path":"/home/runner/work/butlerbot/butlerbot/src/commands/butlerbot.js","statementMap":{"0":{"start":{"line":6,"column":16},"end":{"line":6,"column":37}},"1":{"start":{"line":7,"column":0},"end":{"line":81,"column":2}},"2":{"start":{"line":21,"column":14},"end":{"line":21,"column":23}},"3":{"start":{"line":23,"column":14},"end":{"line":23,"column":44}},"4":{"start":{"line":25,"column":12},"end":{"line":25,"column":51}},"5":{"start":{"line":27,"column":15},"end":{"line":31,"column":3}},"6":{"start":{"line":33,"column":20},"end":{"line":33,"column":69}},"7":{"start":{"line":35,"column":18},"end":{"line":35,"column":87}},"8":{"start":{"line":37,"column":18},"end":{"line":41,"column":3}},"9":{"start":{"line":43,"column":14},"end":{"line":43,"column":101}},"10":{"start":{"line":45,"column":15},"end":{"line":45,"column":85}},"11":{"start":{"line":65,"column":17},"end":{"line":75,"column":18}},"12":{"start":{"line":76,"column":3},"end":{"line":76,"column":16}},"13":{"start":{"line":78,"column":23},"end":{"line":78,"column":101}},"14":{"start":{"line":79,"column":2},"end":{"line":79,"column":39}}},"fnMap":{"0":{"name":"(anonymous_0)","decl":{"start":{"line":18,"column":4},"end":{"line":18,"column":5}},"loc":{"start":{"line":18,"column":29},"end":{"line":80,"column":5}},"line":18},"1":{"name":"embedMessage","decl":{"start":{"line":60,"column":11},"end":{"line":60,"column":23}},"loc":{"start":{"line":60,"column":90},"end":{"line":77,"column":3}},"line":60}},"branchMap":{},"s":{"0":1,"1":1,"2":0,"3":0,"4":0,"5":0,"6":0,"7":0,"8":0,"9":0,"10":0,"11":0,"12":0,"13":0,"14":0},"f":{"0":0,"1":0},"b":{},"_coverageSchema":"1a1c01bbd47fc00a2c39e90264f33305004495a9","hash":"f9a9b4d6b132cb173c1257d7b2df248bfabfb0c7"}
,"/home/runner/work/butlerbot/butlerbot/src/commands/cat.js": {"path":"/home/runner/work/butlerbot/butlerbot/src/commands/cat.js","statementMap":{"0":{"start":{"line":6,"column":14},"end":{"line":6,"column":30}},"1":{"start":{"line":7,"column":0},"end":{"line":42,"column":2}},"2":{"start":{"line":21,"column":17},"end":{"line":21,"column":61}},"3":{"start":{"line":30,"column":6},"end":{"line":37,"column":11}},"4":{"start":{"line":32,"column":10},"end":{"line":32,"column":53}},"5":{"start":{"line":35,"column":10},"end":{"line":35,"column":29}},"6":{"start":{"line":36,"column":10},"end":{"line":36,"column":98}},"7":{"start":{"line":40,"column":4},"end":{"line":40,"column":21}}},"fnMap":{"0":{"name":"(anonymous_0)","decl":{"start":{"line":16,"column":2},"end":{"line":16,"column":3}},"loc":{"start":{"line":16,"column":19},"end":{"line":41,"column":3}},"line":16},"1":{"name":"catImage","decl":{"start":{"line":29,"column":13},"end":{"line":29,"column":21}},"loc":{"start":{"line":29,"column":27},"end":{"line":38,"column":5}},"line":29},"2":{"name":"(anonymous_2)","decl":{"start":{"line":31,"column":14},"end":{"line":31,"column":15}},"loc":{"start":{"line":31,"column":26},"end":{"line":33,"column":9}},"line":31},"3":{"name":"(anonymous_3)","decl":{"start":{"line":34,"column":15},"end":{"line":34,"column":16}},"loc":{"start":{"line":34,"column":24},"end":{"line":37,"column":9}},"line":34}},"branchMap":{},"s":{"0":1,"1":1,"2":2,"3":2,"4":1,"5":1,"6":1,"7":2},"f":{"0":2,"1":2,"2":1,"3":1},"b":{},"_coverageSchema":"1a1c01bbd47fc00a2c39e90264f33305004495a9","hash":"03485080249edcd9f1d5d30e0f1539b009e9f66e"}
,"/home/runner/work/butlerbot/butlerbot/src/commands/catfact.js": {"path":"/home/runner/work/butlerbot/butlerbot/src/commands/catfact.js","statementMap":{"0":{"start":{"line":6,"column":14},"end":{"line":6,"column":30}},"1":{"start":{"line":7,"column":0},"end":{"line":41,"column":2}},"2":{"start":{"line":21,"column":21},"end":{"line":21,"column":66}},"3":{"start":{"line":30,"column":6},"end":{"line":37,"column":9}},"4":{"start":{"line":32,"column":8},"end":{"line":32,"column":49}},"5":{"start":{"line":35,"column":8},"end":{"line":35,"column":27}},"6":{"start":{"line":36,"column":8},"end":{"line":36,"column":129}},"7":{"start":{"line":39,"column":4},"end":{"line":39,"column":31}}},"fnMap":{"0":{"name":"(anonymous_0)","decl":{"start":{"line":16,"column":2},"end":{"line":16,"column":3}},"loc":{"start":{"line":16,"column":19},"end":{"line":40,"column":3}},"line":16},"1":{"name":"catFactApiCall","decl":{"start":{"line":29,"column":13},"end":{"line":29,"column":27}},"loc":{"start":{"line":29,"column":33},"end":{"line":38,"column":5}},"line":29},"2":{"name":"(anonymous_2)","decl":{"start":{"line":31,"column":12},"end":{"line":31,"column":13}},"loc":{"start":{"line":31,"column":24},"end":{"line":33,"column":7}},"line":31},"3":{"name":"(anonymous_3)","decl":{"start":{"line":34,"column":13},"end":{"line":34,"column":14}},"loc":{"start":{"line":34,"column":22},"end":{"line":37,"column":7}},"line":34}},"branchMap":{},"s":{"0":1,"1":1,"2":2,"3":2,"4":1,"5":1,"6":1,"7":2},"f":{"0":2,"1":2,"2":1,"3":1},"b":{},"_coverageSchema":"1a1c01bbd47fc00a2c39e90264f33305004495a9","hash":"ab493f51ca83ae421726706fce273545017afe39"}
,"/home/runner/work/butlerbot/butlerbot/src/commands/documentation.js": {"path":"/home/runner/work/butlerbot/butlerbot/src/commands/documentation.js","statementMap":{"0":{"start":{"line":6,"column":0},"end":{"line":22,"column":2}},"1":{"start":{"line":17,"column":8},"end":{"line":20,"column":10}}},"fnMap":{"0":{"name":"(anonymous_0)","decl":{"start":{"line":16,"column":4},"end":{"line":16,"column":5}},"loc":{"start":{"line":16,"column":21},"end":{"line":21,"column":5}},"line":16}},"branchMap":{},"s":{"0":1,"1":1},"f":{"0":1},"b":{},"_coverageSchema":"1a1c01bbd47fc00a2c39e90264f33305004495a9","hash":"3872e5e09b8bfccc7368e203488314389a32c015"}
,"/home/runner/work/butlerbot/butlerbot/src/commands/dog.js": {"path":"/home/runner/work/butlerbot/butlerbot/src/commands/dog.js","statementMap":{"0":{"start":{"line":6,"column":14},"end":{"line":6,"column":30}},"1":{"start":{"line":7,"column":0},"end":{"line":42,"column":2}},"2":{"start":{"line":20,"column":17},"end":{"line":20,"column":58}},"3":{"start":{"line":30,"column":6},"end":{"line":37,"column":9}},"4":{"start":{"line":32,"column":8},"end":{"line":32,"column":52}},"5":{"start":{"line":35,"column":8},"end":{"line":35,"column":27}},"6":{"start":{"line":36,"column":8},"end":{"line":36,"column":96}},"7":{"start":{"line":40,"column":4},"end":{"line":40,"column":23}}},"fnMap":{"0":{"name":"(anonymous_0)","decl":{"start":{"line":15,"column":2},"end":{"line":15,"column":3}},"loc":{"start":{"line":15,"column":19},"end":{"line":41,"column":3}},"line":15},"1":{"name":"dogApiCall","decl":{"start":{"line":29,"column":13},"end":{"line":29,"column":23}},"loc":{"start":{"line":29,"column":29},"end":{"line":38,"column":5}},"line":29},"2":{"name":"(anonymous_2)","decl":{"start":{"line":31,"column":12},"end":{"line":31,"column":13}},"loc":{"start":{"line":31,"column":24},"end":{"line":33,"column":7}},"line":31},"3":{"name":"(anonymous_3)","decl":{"start":{"line":34,"column":13},"end":{"line":34,"column":14}},"loc":{"start":{"line":34,"column":22},"end":{"line":37,"column":7}},"line":34}},"branchMap":{},"s":{"0":1,"1":1,"2":2,"3":2,"4":1,"5":1,"6":1,"7":2},"f":{"0":2,"1":2,"2":1,"3":1},"b":{},"_coverageSchema":"1a1c01bbd47fc00a2c39e90264f33305004495a9","hash":"636abdfca54715a455b74debeb601492bc9079c5"}
,"/home/runner/work/butlerbot/butlerbot/src/commands/help.js": {"path":"/home/runner/work/butlerbot/butlerbot/src/commands/help.js","statementMap":{"0":{"start":{"line":6,"column":19},"end":{"line":6,"column":47}},"1":{"start":{"line":7,"column":0},"end":{"line":62,"column":2}},"2":{"start":{"line":21,"column":21},"end":{"line":21,"column":23}},"3":{"start":{"line":26,"column":29},"end":{"line":26,"column":43}},"4":{"start":{"line":29,"column":8},"end":{"line":34,"column":9}},"5":{"start":{"line":30,"column":12},"end":{"line":30,"column":62}},"6":{"start":{"line":31,"column":12},"end":{"line":31,"column":120}},"7":{"start":{"line":31,"column":58},"end":{"line":31,"column":103}},"8":{"start":{"line":32,"column":12},"end":{"line":32,"column":108}},"9":{"start":{"line":33,"column":12},"end":{"line":33,"column":63}},"10":{"start":{"line":36,"column":21},"end":{"line":36,"column":42}},"11":{"start":{"line":38,"column":24},"end":{"line":38,"column":103}},"12":{"start":{"line":38,"column":65},"end":{"line":38,"column":102}},"13":{"start":{"line":40,"column":8},"end":{"line":42,"column":9}},"14":{"start":{"line":41,"column":12},"end":{"line":41,"column":65}},"15":{"start":{"line":44,"column":8},"end":{"line":44,"column":47}},"16":{"start":{"line":47,"column":8},"end":{"line":49,"column":9}},"17":{"start":{"line":48,"column":12},"end":{"line":48,"column":68}},"18":{"start":{"line":51,"column":8},"end":{"line":53,"column":9}},"19":{"start":{"line":52,"column":12},"end":{"line":52,"column":65}},"20":{"start":{"line":55,"column":8},"end":{"line":57,"column":9}},"21":{"start":{"line":56,"column":12},"end":{"line":56,"column":78}},"22":{"start":{"line":58,"column":8},"end":{"line":58,"column":70}},"23":{"start":{"line":60,"column":8},"end":{"line":60,"column":52}}},"fnMap":{"0":{"name":"(anonymous_0)","decl":{"start":{"line":19,"column":4},"end":{"line":19,"column":5}},"loc":{"start":{"line":19,"column":27},"end":{"line":61,"column":2}},"line":19},"1":{"name":"(anonymous_1)","decl":{"start":{"line":31,"column":47},"end":{"line":31,"column":48}},"loc":{"start":{"line":31,"column":58},"end":{"line":31,"column":103}},"line":31},"2":{"name":"(anonymous_2)","decl":{"start":{"line":38,"column":60},"end":{"line":38,"column":61}},"loc":{"start":{"line":38,"column":65},"end":{"line":38,"column":102}},"line":38}},"branchMap":{"0":{"loc":{"start":{"line":29,"column":8},"end":{"line":34,"column":9}},"type":"if","locations":[{"start":{"line":29,"column":8},"end":{"line":34,"column":9}},{"start":{"line":29,"column":8},"end":{"line":34,"column":9}}],"line":29},"1":{"loc":{"start":{"line":38,"column":24},"end":{"line":38,"column":103}},"type":"binary-expr","locations":[{"start":{"line":38,"column":24},"end":{"line":38,"column":42}},{"start":{"line":38,"column":46},"end":{"line":38,"column":103}}],"line":38},"2":{"loc":{"start":{"line":38,"column":65},"end":{"line":38,"column":102}},"type":"binary-expr","locations":[{"start":{"line":38,"column":65},"end":{"line":38,"column":74}},{"start":{"line":38,"column":78},"end":{"line":38,"column":102}}],"line":38},"3":{"loc":{"start":{"line":40,"column":8},"end":{"line":42,"column":9}},"type":"if","locations":[{"start":{"line":40,"column":8},"end":{"line":42,"column":9}},{"start":{"line":40,"column":8},"end":{"line":42,"column":9}}],"line":40},"4":{"loc":{"start":{"line":47,"column":8},"end":{"line":49,"column":9}},"type":"if","locations":[{"start":{"line":47,"column":8},"end":{"line":49,"column":9}}],"line":47},"5":{"loc":{"start":{"line":51,"column":8},"end":{"line":53,"column":9}},"type":"if","locations":[{"start":{"line":51,"column":8},"end":{"line":53,"column":9}}],"line":51},"6":{"loc":{"start":{"line":55,"column":8},"end":{"line":57,"column":9}},"type":"if","locations":[{"start":{"line":55,"column":8},"end":{"line":57,"column":9}}],"line":55},"7":{"loc":{"start":{"line":58,"column":35},"end":{"line":58,"column":56}},"type":"binary-expr","locations":[{"start":{"line":58,"column":35},"end":{"line":58,"column":51}},{"start":{"line":58,"column":55},"end":{"line":58,"column":56}}],"line":58}},"s":{"0":1,"1":1,"2":4,"3":4,"4":4,"5":1,"6":1,"7":16,"8":1,"9":1,"10":3,"11":3,"12":16,"13":3,"14":1,"15":2,"16":2,"17":2,"18":2,"19":2,"20":2,"21":2,"22":2,"23":2},"f":{"0":4,"1":16,"2":16},"b":{"0":[1,3],"1":[3,1],"2":[16,12],"3":[1,2],"4":[2],"5":[2],"6":[2],"7":[2,1]},"_coverageSchema":"1a1c01bbd47fc00a2c39e90264f33305004495a9","hash":"9c628e60ff9a4932c5f125beff8b80f1a30ed52c"}
,"/home/runner/work/butlerbot/butlerbot/src/commands/insult.js": {"path":"/home/runner/work/butlerbot/butlerbot/src/commands/insult.js","statementMap":{"0":{"start":{"line":6,"column":14},"end":{"line":6,"column":30}},"1":{"start":{"line":7,"column":0},"end":{"line":49,"column":2}},"2":{"start":{"line":22,"column":22},"end":{"line":22,"column":84}},"3":{"start":{"line":32,"column":8},"end":{"line":32,"column":38}},"4":{"start":{"line":34,"column":8},"end":{"line":44,"column":11}},"5":{"start":{"line":37,"column":22},"end":{"line":37,"column":121}},"6":{"start":{"line":38,"column":12},"end":{"line":38,"column":60}},"7":{"start":{"line":42,"column":10},"end":{"line":42,"column":29}},"8":{"start":{"line":43,"column":10},"end":{"line":43,"column":102}},"9":{"start":{"line":47,"column":6},"end":{"line":47,"column":31}}},"fnMap":{"0":{"name":"(anonymous_0)","decl":{"start":{"line":20,"column":4},"end":{"line":20,"column":5}},"loc":{"start":{"line":20,"column":26},"end":{"line":48,"column":5}},"line":20},"1":{"name":"insultMessage","decl":{"start":{"line":30,"column":15},"end":{"line":30,"column":28}},"loc":{"start":{"line":30,"column":34},"end":{"line":45,"column":7}},"line":30},"2":{"name":"(anonymous_2)","decl":{"start":{"line":35,"column":16},"end":{"line":35,"column":17}},"loc":{"start":{"line":35,"column":28},"end":{"line":39,"column":9}},"line":35},"3":{"name":"(anonymous_3)","decl":{"start":{"line":41,"column":15},"end":{"line":41,"column":16}},"loc":{"start":{"line":41,"column":24},"end":{"line":44,"column":9}},"line":41}},"branchMap":{},"s":{"0":1,"1":1,"2":3,"3":3,"4":3,"5":2,"6":2,"7":2,"8":2,"9":3},"f":{"0":3,"1":3,"2":2,"3":2},"b":{},"_coverageSchema":"1a1c01bbd47fc00a2c39e90264f33305004495a9","hash":"a8e8e45b5d22672f97f8d2b69c1743ac79079dff"}
,"/home/runner/work/butlerbot/butlerbot/src/commands/introduce.js": {"path":"/home/runner/work/butlerbot/butlerbot/src/commands/introduce.js","statementMap":{"0":{"start":{"line":14,"column":14},"end":{"line":14,"column":30}},"1":{"start":{"line":15,"column":0},"end":{"line":113,"column":2}},"2":{"start":{"line":29,"column":4},"end":{"line":29,"column":34}},"3":{"start":{"line":35,"column":17},"end":{"line":35,"column":58}},"4":{"start":{"line":41,"column":19},"end":{"line":41,"column":69}},"5":{"start":{"line":52,"column":14},"end":{"line":52,"column":49}},"6":{"start":{"line":58,"column":19},"end":{"line":58,"column":87}},"7":{"start":{"line":63,"column":19},"end":{"line":63,"column":97}},"8":{"start":{"line":75,"column":6},"end":{"line":109,"column":9}},"9":{"start":{"line":77,"column":30},"end":{"line":77,"column":42}},"10":{"start":{"line":79,"column":30},"end":{"line":79,"column":42}},"11":{"start":{"line":84,"column":28},"end":{"line":84,"column":101}},"12":{"start":{"line":84,"column":95},"end":{"line":84,"column":100}},"13":{"start":{"line":89,"column":22},"end":{"line":89,"column":77}},"14":{"start":{"line":92,"column":10},"end":{"line":94,"column":11}},"15":{"start":{"line":93,"column":14},"end":{"line":93,"column":31}},"16":{"start":{"line":99,"column":27},"end":{"line":99,"column":81}},"17":{"start":{"line":100,"column":10},"end":{"line":100,"column":58}},"18":{"start":{"line":102,"column":27},"end":{"line":102,"column":93}},"19":{"start":{"line":103,"column":10},"end":{"line":103,"column":43}},"20":{"start":{"line":107,"column":10},"end":{"line":107,"column":32}},"21":{"start":{"line":108,"column":10},"end":{"line":108,"column":116}},"22":{"start":{"line":111,"column":4},"end":{"line":111,"column":36}}},"fnMap":{"0":{"name":"(anonymous_0)","decl":{"start":{"line":27,"column":2},"end":{"line":27,"column":3}},"loc":{"start":{"line":27,"column":25},"end":{"line":112,"column":3}},"line":27},"1":{"name":"getTitleAndFact","decl":{"start":{"line":73,"column":13},"end":{"line":73,"column":28}},"loc":{"start":{"line":73,"column":45},"end":{"line":110,"column":5}},"line":73},"2":{"name":"(anonymous_2)","decl":{"start":{"line":75,"column":41},"end":{"line":75,"column":42}},"loc":{"start":{"line":75,"column":54},"end":{"line":104,"column":9}},"line":75},"3":{"name":"(anonymous_3)","decl":{"start":{"line":84,"column":92},"end":{"line":84,"column":93}},"loc":{"start":{"line":84,"column":95},"end":{"line":84,"column":100}},"line":84},"4":{"name":"(anonymous_4)","decl":{"start":{"line":106,"column":15},"end":{"line":106,"column":16}},"loc":{"start":{"line":106,"column":25},"end":{"line":109,"column":7}},"line":106}},"branchMap":{"0":{"loc":{"start":{"line":35,"column":17},"end":{"line":35,"column":58}},"type":"cond-expr","locations":[{"start":{"line":35,"column":34},"end":{"line":35,"column":48}},{"start":{"line":35,"column":51},"end":{"line":35,"column":58}}],"line":35},"1":{"loc":{"start":{"line":41,"column":19},"end":{"line":41,"column":69}},"type":"cond-expr","locations":[{"start":{"line":41,"column":36},"end":{"line":41,"column":59}},{"start":{"line":41,"column":62},"end":{"line":41,"column":69}}],"line":41},"2":{"loc":{"start":{"line":92,"column":10},"end":{"line":94,"column":11}},"type":"if","locations":[{"start":{"line":92,"column":10},"end":{"line":94,"column":11}},{"start":{"line":92,"column":10},"end":{"line":94,"column":11}}],"line":92}},"s":{"0":1,"1":1,"2":6,"3":6,"4":6,"5":6,"6":6,"7":6,"8":6,"9":4,"10":4,"11":4,"12":4,"13":4,"14":4,"15":2,"16":4,"17":4,"18":4,"19":4,"20":2,"21":2,"22":6},"f":{"0":6,"1":6,"2":4,"3":4,"4":2},"b":{"0":[2,4],"1":[2,4],"2":[2,2]},"_coverageSchema":"1a1c01bbd47fc00a2c39e90264f33305004495a9","hash":"e8dda9bdb4ed7523835b2bee476b313909a3e695"}
,"/home/runner/work/butlerbot/butlerbot/src/commands/joke.js": {"path":"/home/runner/work/butlerbot/butlerbot/src/commands/joke.js","statementMap":{"0":{"start":{"line":6,"column":14},"end":{"line":6,"column":30}},"1":{"start":{"line":7,"column":0},"end":{"line":44,"column":2}},"2":{"start":{"line":18,"column":22},"end":{"line":18,"column":134}},"3":{"start":{"line":27,"column":12},"end":{"line":40,"column":13}},"4":{"start":{"line":29,"column":14},"end":{"line":35,"column":15}},"5":{"start":{"line":31,"column":28},"end":{"line":31,"column":84}},"6":{"start":{"line":32,"column":18},"end":{"line":32,"column":44}},"7":{"start":{"line":34,"column":18},"end":{"line":34,"column":59}},"8":{"start":{"line":38,"column":12},"end":{"line":38,"column":31}},"9":{"start":{"line":39,"column":12},"end":{"line":39,"column":104}},"10":{"start":{"line":42,"column":8},"end":{"line":42,"column":29}}},"fnMap":{"0":{"name":"(anonymous_0)","decl":{"start":{"line":16,"column":4},"end":{"line":16,"column":5}},"loc":{"start":{"line":16,"column":21},"end":{"line":43,"column":5}},"line":16},"1":{"name":"jokeApiCall","decl":{"start":{"line":26,"column":17},"end":{"line":26,"column":28}},"loc":{"start":{"line":26,"column":34},"end":{"line":41,"column":9}},"line":26},"2":{"name":"(anonymous_2)","decl":{"start":{"line":28,"column":18},"end":{"line":28,"column":19}},"loc":{"start":{"line":28,"column":30},"end":{"line":36,"column":11}},"line":28},"3":{"name":"(anonymous_3)","decl":{"start":{"line":37,"column":17},"end":{"line":37,"column":18}},"loc":{"start":{"line":37,"column":26},"end":{"line":40,"column":11}},"line":37}},"branchMap":{"0":{"loc":{"start":{"line":29,"column":14},"end":{"line":35,"column":15}},"type":"if","locations":[{"start":{"line":29,"column":14},"end":{"line":35,"column":15}},{"start":{"line":29,"column":14},"end":{"line":35,"column":15}}],"line":29}},"s":{"0":1,"1":1,"2":3,"3":3,"4":2,"5":1,"6":1,"7":1,"8":1,"9":1,"10":3},"f":{"0":3,"1":3,"2":2,"3":1},"b":{"0":[1,1]},"_coverageSchema":"1a1c01bbd47fc00a2c39e90264f33305004495a9","hash":"47a7d3cb5d4917423aca2e84400c1e3d8d1f8e24"}
,"/home/runner/work/butlerbot/butlerbot/src/commands/meme.js": {"path":"/home/runner/work/butlerbot/butlerbot/src/commands/meme.js","statementMap":{"0":{"start":{"line":6,"column":20},"end":{"line":6,"column":43}},"1":{"start":{"line":7,"column":0},"end":{"line":53,"column":2}},"2":{"start":{"line":22,"column":21},"end":{"line":27,"column":9}},"3":{"start":{"line":32,"column":24},"end":{"line":32,"column":73}},"4":{"start":{"line":41,"column":12},"end":{"line":41,"column":42}},"5":{"start":{"line":42,"column":12},"end":{"line":49,"column":48}},"6":{"start":{"line":43,"column":16},"end":{"line":48,"column":58}},"7":{"start":{"line":49,"column":28},"end":{"line":49,"column":46}},"8":{"start":{"line":51,"column":8},"end":{"line":51,"column":33}}},"fnMap":{"0":{"name":"(anonymous_0)","decl":{"start":{"line":17,"column":4},"end":{"line":17,"column":5}},"loc":{"start":{"line":17,"column":21},"end":{"line":52,"column":5}},"line":17},"1":{"name":"apiImageCrawl","decl":{"start":{"line":40,"column":17},"end":{"line":40,"column":30}},"loc":{"start":{"line":40,"column":40},"end":{"line":50,"column":9}},"line":40},"2":{"name":"(anonymous_2)","decl":{"start":{"line":42,"column":38},"end":{"line":42,"column":39}},"loc":{"start":{"line":42,"column":51},"end":{"line":49,"column":13}},"line":42},"3":{"name":"(anonymous_3)","decl":{"start":{"line":49,"column":21},"end":{"line":49,"column":22}},"loc":{"start":{"line":49,"column":28},"end":{"line":49,"column":46}},"line":49}},"branchMap":{},"s":{"0":1,"1":1,"2":2,"3":2,"4":2,"5":2,"6":2,"7":2,"8":2},"f":{"0":2,"1":2,"2":2,"3":2},"b":{},"_coverageSchema":"1a1c01bbd47fc00a2c39e90264f33305004495a9","hash":"f676f76e2b3d502f767d5607ba58fe854f0c5f43"}
,"/home/runner/work/butlerbot/butlerbot/src/commands/memeit.js": {"path":"/home/runner/work/butlerbot/butlerbot/src/commands/memeit.js","statementMap":{"0":{"start":{"line":6,"column":14},"end":{"line":6,"column":30}},"1":{"start":{"line":7,"column":20},"end":{"line":7,"column":43}},"2":{"start":{"line":9,"column":0},"end":{"line":77,"column":2}},"3":{"start":{"line":22,"column":20},"end":{"line":22,"column":55}},"4":{"start":{"line":24,"column":22},"end":{"line":41,"column":6}},"5":{"start":{"line":30,"column":21},"end":{"line":32,"column":8}},"6":{"start":{"line":31,"column":8},"end":{"line":31,"column":35}},"7":{"start":{"line":34,"column":19},"end":{"line":34,"column":62}},"8":{"start":{"line":35,"column":6},"end":{"line":35,"column":32}},"9":{"start":{"line":36,"column":6},"end":{"line":36,"column":25}},"10":{"start":{"line":39,"column":6},"end":{"line":39,"column":25}},"11":{"start":{"line":40,"column":6},"end":{"line":40,"column":104}},"12":{"start":{"line":43,"column":4},"end":{"line":75,"column":7}},"13":{"start":{"line":44,"column":6},"end":{"line":74,"column":9}},"14":{"start":{"line":49,"column":19},"end":{"line":55,"column":10}},"15":{"start":{"line":56,"column":8},"end":{"line":56,"column":20}},"16":{"start":{"line":64,"column":27},"end":{"line":64,"column":66}},"17":{"start":{"line":66,"column":8},"end":{"line":73,"column":11}},"18":{"start":{"line":68,"column":10},"end":{"line":68,"column":55}},"19":{"start":{"line":71,"column":10},"end":{"line":71,"column":29}},"20":{"start":{"line":72,"column":10},"end":{"line":72,"column":107}}},"fnMap":{"0":{"name":"(anonymous_0)","decl":{"start":{"line":17,"column":2},"end":{"line":17,"column":3}},"loc":{"start":{"line":17,"column":19},"end":{"line":76,"column":3}},"line":17},"1":{"name":"(anonymous_1)","decl":{"start":{"line":25,"column":10},"end":{"line":25,"column":11}},"loc":{"start":{"line":25,"column":22},"end":{"line":37,"column":5}},"line":25},"2":{"name":"(anonymous_2)","decl":{"start":{"line":30,"column":53},"end":{"line":30,"column":54}},"loc":{"start":{"line":30,"column":69},"end":{"line":32,"column":7}},"line":30},"3":{"name":"(anonymous_3)","decl":{"start":{"line":38,"column":11},"end":{"line":38,"column":12}},"loc":{"start":{"line":38,"column":20},"end":{"line":41,"column":5}},"line":38},"4":{"name":"(anonymous_4)","decl":{"start":{"line":43,"column":21},"end":{"line":43,"column":22}},"loc":{"start":{"line":43,"column":31},"end":{"line":75,"column":5}},"line":43},"5":{"name":"(anonymous_5)","decl":{"start":{"line":44,"column":56},"end":{"line":44,"column":57}},"loc":{"start":{"line":44,"column":68},"end":{"line":57,"column":7}},"line":44},"6":{"name":"(anonymous_6)","decl":{"start":{"line":59,"column":12},"end":{"line":59,"column":13}},"loc":{"start":{"line":59,"column":29},"end":{"line":74,"column":7}},"line":59},"7":{"name":"(anonymous_7)","decl":{"start":{"line":67,"column":14},"end":{"line":67,"column":15}},"loc":{"start":{"line":67,"column":26},"end":{"line":69,"column":9}},"line":67},"8":{"name":"(anonymous_8)","decl":{"start":{"line":70,"column":15},"end":{"line":70,"column":16}},"loc":{"start":{"line":70,"column":24},"end":{"line":73,"column":9}},"line":70}},"branchMap":{},"s":{"0":1,"1":1,"2":1,"3":2,"4":2,"5":2,"6":2,"7":2,"8":2,"9":2,"10":0,"11":0,"12":2,"13":2,"14":0,"15":0,"16":0,"17":0,"18":0,"19":0,"20":0},"f":{"0":2,"1":2,"2":2,"3":0,"4":2,"5":0,"6":0,"7":0,"8":0},"b":{},"_coverageSchema":"1a1c01bbd47fc00a2c39e90264f33305004495a9","hash":"d5d0d9d4cae389c27f645944697873ef17173bb5"}
,"/home/runner/work/butlerbot/butlerbot/src/commands/ping.js": {"path":"/home/runner/work/butlerbot/butlerbot/src/commands/ping.js","statementMap":{"0":{"start":{"line":6,"column":0},"end":{"line":18,"column":2}},"1":{"start":{"line":16,"column":8},"end":{"line":16,"column":96}}},"fnMap":{"0":{"name":"(anonymous_0)","decl":{"start":{"line":15,"column":4},"end":{"line":15,"column":5}},"loc":{"start":{"line":15,"column":21},"end":{"line":17,"column":5}},"line":15}},"branchMap":{},"s":{"0":1,"1":1},"f":{"0":1},"b":{},"_coverageSchema":"1a1c01bbd47fc00a2c39e90264f33305004495a9","hash":"af7ac367470d32c401fb323e9dde174974d4b8d4"}
,"/home/runner/work/butlerbot/butlerbot/src/commands/prune.js": {"path":"/home/runner/work/butlerbot/butlerbot/src/commands/prune.js","statementMap":{"0":{"start":{"line":6,"column":0},"end":{"line":40,"column":2}},"1":{"start":{"line":20,"column":17},"end":{"line":20,"column":38}},"2":{"start":{"line":28,"column":3},"end":{"line":32,"column":4}},"3":{"start":{"line":29,"column":4},"end":{"line":29,"column":69}},"4":{"start":{"line":30,"column":10},"end":{"line":32,"column":4}},"5":{"start":{"line":31,"column":4},"end":{"line":31,"column":73}},"6":{"start":{"line":33,"column":3},"end":{"line":36,"column":6}},"7":{"start":{"line":34,"column":4},"end":{"line":34,"column":23}},"8":{"start":{"line":35,"column":4},"end":{"line":35,"column":89}},"9":{"start":{"line":38,"column":2},"end":{"line":38,"column":23}}},"fnMap":{"0":{"name":"(anonymous_0)","decl":{"start":{"line":15,"column":1},"end":{"line":15,"column":2}},"loc":{"start":{"line":15,"column":24},"end":{"line":39,"column":2}},"line":15},"1":{"name":"pruneChannel","decl":{"start":{"line":27,"column":11},"end":{"line":27,"column":23}},"loc":{"start":{"line":27,"column":31},"end":{"line":37,"column":3}},"line":27},"2":{"name":"(anonymous_2)","decl":{"start":{"line":33,"column":49},"end":{"line":33,"column":50}},"loc":{"start":{"line":33,"column":56},"end":{"line":36,"column":4}},"line":33}},"branchMap":{"0":{"loc":{"start":{"line":28,"column":3},"end":{"line":32,"column":4}},"type":"if","locations":[{"start":{"line":28,"column":3},"end":{"line":32,"column":4}},{"start":{"line":28,"column":3},"end":{"line":32,"column":4}}],"line":28},"1":{"loc":{"start":{"line":30,"column":10},"end":{"line":32,"column":4}},"type":"if","locations":[{"start":{"line":30,"column":10},"end":{"line":32,"column":4}},{"start":{"line":30,"column":10},"end":{"line":32,"column":4}}],"line":30},"2":{"loc":{"start":{"line":30,"column":14},"end":{"line":30,"column":39}},"type":"binary-expr","locations":[{"start":{"line":30,"column":14},"end":{"line":30,"column":24}},{"start":{"line":30,"column":28},"end":{"line":30,"column":39}}],"line":30}},"s":{"0":1,"1":4,"2":4,"3":1,"4":3,"5":1,"6":2,"7":1,"8":1,"9":4},"f":{"0":4,"1":4,"2":1},"b":{"0":[1,3],"1":[1,2],"2":[3,2]},"_coverageSchema":"1a1c01bbd47fc00a2c39e90264f33305004495a9","hash":"792a1320b83777f6528d44dbac57b2e2a255f91b"}
,"/home/runner/work/butlerbot/butlerbot/src/commands/roll.js": {"path":"/home/runner/work/butlerbot/butlerbot/src/commands/roll.js","statementMap":{"0":{"start":{"line":24,"column":1},"end":{"line":109,"column":2}},"1":{"start":{"line":42,"column":23},"end":{"line":42,"column":24}},"2":{"start":{"line":47,"column":23},"end":{"line":47,"column":25}},"3":{"start":{"line":52,"column":24},"end":{"line":52,"column":26}},"4":{"start":{"line":57,"column":24},"end":{"line":57,"column":54}},"5":{"start":{"line":64,"column":8},"end":{"line":66,"column":9}},"6":{"start":{"line":65,"column":12},"end":{"line":65,"column":46}},"7":{"start":{"line":67,"column":8},"end":{"line":69,"column":9}},"8":{"start":{"line":68,"column":12},"end":{"line":68,"column":46}},"9":{"start":{"line":71,"column":8},"end":{"line":76,"column":9}},"10":{"start":{"line":71,"column":21},"end":{"line":71,"column":22}},"11":{"start":{"line":72,"column":23},"end":{"line":72,"column":59}},"12":{"start":{"line":73,"column":12},"end":{"line":75,"column":13}},"13":{"start":{"line":74,"column":16},"end":{"line":74,"column":36}},"14":{"start":{"line":78,"column":8},"end":{"line":90,"column":9}},"15":{"start":{"line":78,"column":21},"end":{"line":78,"column":22}},"16":{"start":{"line":85,"column":12},"end":{"line":89,"column":13}},"17":{"start":{"line":85,"column":25},"end":{"line":85,"column":26}},"18":{"start":{"line":86,"column":27},"end":{"line":86,"column":78}},"19":{"start":{"line":87,"column":16},"end":{"line":87,"column":37}},"20":{"start":{"line":88,"column":16},"end":{"line":88,"column":33}},"21":{"start":{"line":95,"column":20},"end":{"line":95,"column":22}},"22":{"start":{"line":96,"column":8},"end":{"line":100,"column":9}},"23":{"start":{"line":97,"column":12},"end":{"line":97,"column":47}},"24":{"start":{"line":99,"column":12},"end":{"line":99,"column":79}},"25":{"start":{"line":101,"column":8},"end":{"line":107,"column":9}},"26":{"start":{"line":102,"column":12},"end":{"line":102,"column":40}},"27":{"start":{"line":104,"column":24},"end":{"line":104,"column":89}},"28":{"start":{"line":105,"column":12},"end":{"line":105,"column":78}},"29":{"start":{"line":106,"column":12},"end":{"line":106,"column":40}}},"fnMap":{"0":{"name":"(anonymous_0)","decl":{"start":{"line":37,"column":4},"end":{"line":37,"column":5}},"loc":{"start":{"line":37,"column":26},"end":{"line":108,"column":5}},"line":37}},"branchMap":{"0":{"loc":{"start":{"line":57,"column":24},"end":{"line":57,"column":54}},"type":"cond-expr","locations":[{"start":{"line":57,"column":45},"end":{"line":57,"column":49}},{"start":{"line":57,"column":52},"end":{"line":57,"column":54}}],"line":57},"1":{"loc":{"start":{"line":64,"column":8},"end":{"line":66,"column":9}},"type":"if","locations":[{"start":{"line":64,"column":8},"end":{"line":66,"column":9}},{"start":{"line":64,"column":8},"end":{"line":66,"column":9}}],"line":64},"2":{"loc":{"start":{"line":64,"column":12},"end":{"line":64,"column":66}},"type":"binary-expr","locations":[{"start":{"line":64,"column":12},"end":{"line":64,"column":33}},{"start":{"line":64,"column":37},"end":{"line":64,"column":66}}],"line":64},"3":{"loc":{"start":{"line":67,"column":8},"end":{"line":69,"column":9}},"type":"if","locations":[{"start":{"line":67,"column":8},"end":{"line":69,"column":9}},{"start":{"line":67,"column":8},"end":{"line":69,"column":9}}],"line":67},"4":{"loc":{"start":{"line":67,"column":12},"end":{"line":67,"column":66}},"type":"binary-expr","locations":[{"start":{"line":67,"column":12},"end":{"line":67,"column":33}},{"start":{"line":67,"column":37},"end":{"line":67,"column":66}}],"line":67},"5":{"loc":{"start":{"line":73,"column":12},"end":{"line":75,"column":13}},"type":"if","locations":[{"start":{"line":73,"column":12},"end":{"line":75,"column":13}},{"start":{"line":73,"column":12},"end":{"line":75,"column":13}}],"line":73},"6":{"loc":{"start":{"line":96,"column":8},"end":{"line":100,"column":9}},"type":"if","locations":[{"start":{"line":96,"column":8},"end":{"line":100,"column":9}},{"start":{"line":96,"column":8},"end":{"line":100,"column":9}}],"line":96},"7":{"loc":{"start":{"line":101,"column":8},"end":{"line":107,"column":9}},"type":"if","locations":[{"start":{"line":101,"column":8},"end":{"line":107,"column":9}},{"start":{"line":101,"column":8},"end":{"line":107,"column":9}}],"line":101},"8":{"loc":{"start":{"line":101,"column":13},"end":{"line":101,"column":61}},"type":"binary-expr","locations":[{"start":{"line":101,"column":13},"end":{"line":101,"column":35}},{"start":{"line":101,"column":39},"end":{"line":101,"column":61}}],"line":101}},"s":{"0":1,"1":6,"2":6,"3":6,"4":6,"5":6,"6":1,"7":6,"8":1,"9":6,"10":6,"11":10,"12":10,"13":9,"14":6,"15":6,"16":9,"17":9,"18":11,"19":11,"20":11,"21":6,"22":6,"23":2,"24":4,"25":6,"26":5,"27":1,"28":1,"29":1},"f":{"0":6},"b":{"0":[5,1],"1":[1,5],"2":[6,4],"3":[1,5],"4":[6,3],"5":[9,1],"6":[2,4],"7":[5,1],"8":[6,6]},"_coverageSchema":"1a1c01bbd47fc00a2c39e90264f33305004495a9","hash":"0e4dcc0b161a25c276bfa21e039f7f70d87a61c3"}
}
