TN:
SF:src\commands\advice.js
FN:16,(anonymous_0)
FN:29,getAdvice
FN:31,(anonymous_2)
FN:34,(anonymous_3)
FNF:4
FNH:4
FNDA:2,(anonymous_0)
FNDA:2,getAdvice
FNDA:1,(anonymous_2)
FNDA:1,(anonymous_3)
DA:6,1
DA:7,1
DA:21,2
DA:30,2
DA:32,1
DA:35,1
DA:36,1
DA:40,2
LF:8
LH:8
BRF:0
BRH:0
end_of_record
TN:
SF:src\commands\apology.js
FN:18,(anonymous_0)
FN:24,pickApology
FNF:2
FNH:2
FNDA:1,(anonymous_0)
FNDA:1,pickApology
DA:6,1
DA:29,1
DA:42,1
DA:43,1
DA:49,1
DA:50,1
LF:6
LH:6
BRF:0
BRH:0
end_of_record
TN:
SF:src\commands\butlerbot.js
FN:18,(anonymous_0)
FN:62,embedMessage
FNF:2
FNH:0
FNDA:0,(anonymous_0)
FNDA:0,embedMessage
DA:6,1
DA:7,1
DA:21,0
DA:23,0
DA:25,0
DA:27,0
DA:33,0
DA:35,0
DA:37,0
DA:43,0
DA:45,0
DA:47,0
DA:67,0
DA:78,0
DA:80,0
DA:81,0
LF:16
LH:2
BRDA:45,0,0,0
BRDA:45,0,1,0
BRF:2
BRH:0
end_of_record
TN:
SF:src\commands\cat.js
FN:16,(anonymous_0)
FN:29,catImage
FN:31,(anonymous_2)
FN:34,(anonymous_3)
FNF:4
FNH:4
FNDA:2,(anonymous_0)
FNDA:2,catImage
FNDA:1,(anonymous_2)
FNDA:1,(anonymous_3)
DA:6,1
DA:7,1
DA:21,2
DA:30,2
DA:32,1
DA:35,1
DA:36,1
DA:40,2
LF:8
LH:8
BRF:0
BRH:0
end_of_record
TN:
SF:src\commands\catfact.js
FN:16,(anonymous_0)
FN:29,catFactApiCall
FN:31,(anonymous_2)
FN:34,(anonymous_3)
FNF:4
FNH:4
FNDA:2,(anonymous_0)
FNDA:2,catFactApiCall
FNDA:1,(anonymous_2)
FNDA:1,(anonymous_3)
DA:6,1
DA:7,1
DA:21,2
DA:30,2
DA:32,1
DA:35,1
DA:36,1
DA:39,2
LF:8
LH:8
BRF:0
BRH:0
end_of_record
TN:
SF:src\commands\documentation.js
FN:16,(anonymous_0)
FNF:1
FNH:1
FNDA:1,(anonymous_0)
DA:6,1
DA:17,1
LF:2
LH:2
BRF:0
BRH:0
end_of_record
TN:
SF:src\commands\dog.js
FN:15,(anonymous_0)
FN:29,dogApiCall
FN:31,(anonymous_2)
FN:34,(anonymous_3)
FNF:4
FNH:4
FNDA:2,(anonymous_0)
FNDA:2,dogApiCall
FNDA:1,(anonymous_2)
FNDA:1,(anonymous_3)
DA:6,1
DA:7,1
DA:20,2
DA:30,2
DA:32,1
DA:35,1
DA:36,1
DA:40,2
LF:8
LH:8
BRF:0
BRH:0
end_of_record
TN:
SF:src\commands\help.js
FN:19,(anonymous_0)
FN:31,(anonymous_1)
FN:38,(anonymous_2)
FNF:3
FNH:3
FNDA:4,(anonymous_0)
FNDA:15,(anonymous_1)
FNDA:15,(anonymous_2)
DA:6,1
DA:7,1
DA:21,4
DA:26,4
DA:29,4
DA:30,1
DA:31,15
DA:32,1
DA:33,1
DA:36,3
DA:38,15
DA:40,3
DA:41,1
DA:44,2
DA:47,2
DA:48,2
DA:51,2
DA:52,2
DA:55,2
DA:56,2
DA:58,2
DA:60,2
LF:22
LH:22
BRDA:29,0,0,1
BRDA:29,0,1,3
BRDA:38,1,0,3
BRDA:38,1,1,1
BRDA:38,2,0,15
BRDA:38,2,1,12
BRDA:40,3,0,1
BRDA:40,3,1,2
BRDA:47,4,0,2
BRDA:51,5,0,2
BRDA:55,6,0,2
BRDA:58,7,0,2
BRDA:58,7,1,1
BRF:13
BRH:13
end_of_record
TN:
SF:src\commands\insult.js
FN:20,(anonymous_0)
FN:30,insultMessage
FN:35,(anonymous_2)
FN:41,(anonymous_3)
FNF:4
FNH:4
FNDA:3,(anonymous_0)
FNDA:3,insultMessage
FNDA:2,(anonymous_2)
FNDA:2,(anonymous_3)
DA:6,1
DA:7,1
DA:22,3
DA:32,3
DA:34,3
DA:37,2
DA:38,2
DA:42,2
DA:43,2
DA:47,3
LF:10
LH:10
BRF:0
BRH:0
end_of_record
TN:
SF:src\commands\introduce.js
FN:27,(anonymous_0)
FN:65,getTitleAndFact
FN:67,(anonymous_2)
FN:76,(anonymous_3)
FN:98,(anonymous_4)
FNF:5
FNH:5
FNDA:6,(anonymous_0)
FNDA:6,getTitleAndFact
FNDA:4,(anonymous_2)
FNDA:4,(anonymous_3)
FNDA:2,(anonymous_4)
DA:14,1
DA:15,1
DA:29,6
DA:35,6
DA:41,6
DA:52,6
DA:58,6
DA:63,6
DA:67,6
DA:69,4
DA:71,4
DA:76,4
DA:81,4
DA:84,4
DA:85,2
DA:91,4
DA:92,4
DA:94,4
DA:95,4
DA:99,2
DA:100,2
DA:103,6
LF:22
LH:22
BRDA:35,0,0,2
BRDA:35,0,1,4
BRDA:41,1,0,2
BRDA:41,1,1,4
BRDA:84,2,0,2
BRDA:84,2,1,2
BRF:6
BRH:6
end_of_record
TN:
SF:src\commands\joke.js
FN:16,(anonymous_0)
FN:26,jokeApiCall
FN:28,(anonymous_2)
FN:37,(anonymous_3)
FNF:4
FNH:4
FNDA:3,(anonymous_0)
FNDA:3,jokeApiCall
FNDA:2,(anonymous_2)
FNDA:1,(anonymous_3)
DA:6,1
DA:7,1
DA:18,3
DA:27,3
DA:29,2
DA:31,1
DA:32,1
DA:34,1
DA:38,1
DA:39,1
DA:42,3
LF:11
LH:11
BRDA:29,0,0,1
BRDA:29,0,1,1
BRF:2
BRH:2
end_of_record
TN:
SF:src\commands\meme.js
FN:17,(anonymous_0)
FN:40,apiImageCrawl
FN:42,(anonymous_2)
FN:49,(anonymous_3)
FNF:4
FNH:4
FNDA:2,(anonymous_0)
FNDA:2,apiImageCrawl
FNDA:2,(anonymous_2)
FNDA:2,(anonymous_3)
DA:6,1
DA:7,1
DA:22,2
DA:32,2
DA:41,2
DA:42,2
DA:43,2
DA:49,2
DA:51,2
LF:9
LH:9
BRF:0
BRH:0
end_of_record
TN:
SF:src\commands\ping.js
FN:15,(anonymous_0)
FNF:1
FNH:1
FNDA:1,(anonymous_0)
DA:6,1
DA:16,1
LF:2
LH:2
BRF:0
BRH:0
end_of_record
TN:
SF:src\commands\prune.js
FN:15,(anonymous_0)
FN:27,pruneChannel
FN:33,(anonymous_2)
FNF:3
FNH:3
FNDA:4,(anonymous_0)
FNDA:4,pruneChannel
FNDA:1,(anonymous_2)
DA:6,1
DA:20,4
DA:28,4
DA:29,1
DA:30,3
DA:31,1
DA:33,2
DA:34,1
DA:35,1
DA:38,4
LF:10
LH:10
BRDA:28,0,0,1
BRDA:28,0,1,3
BRDA:30,1,0,1
BRDA:30,1,1,2
BRDA:30,2,0,3
BRDA:30,2,1,2
BRF:6
BRH:6
end_of_record
TN:
SF:src\commands\roll.js
FN:37,(anonymous_0)
FNF:1
FNH:1
FNDA:6,(anonymous_0)
DA:24,1
DA:42,6
DA:47,6
DA:52,6
DA:57,6
DA:64,6
DA:65,1
DA:67,6
DA:68,1
DA:71,6
DA:72,6
DA:73,10
DA:74,10
DA:75,9
DA:79,6
DA:80,6
DA:87,9
DA:88,9
DA:89,11
DA:90,11
DA:91,11
DA:98,6
DA:99,6
DA:100,2
DA:102,4
DA:104,6
DA:105,5
DA:107,1
DA:108,1
DA:109,1
LF:30
LH:30
BRDA:57,0,0,5
BRDA:57,0,1,1
BRDA:64,1,0,1
BRDA:64,1,1,5
BRDA:64,2,0,6
BRDA:64,2,1,4
BRDA:67,3,0,1
BRDA:67,3,1,5
BRDA:67,4,0,6
BRDA:67,4,1,3
BRDA:74,5,0,9
BRDA:74,5,1,1
BRDA:99,6,0,2
BRDA:99,6,1,4
BRDA:104,7,0,5
BRDA:104,7,1,1
BRDA:104,8,0,6
BRDA:104,8,1,6
BRF:18
BRH:18
end_of_record
